Thu Mar 20 23:55:01 UTC 2025: Network usage for interface eth0

 eth0  /  daily

          day        rx      |     tx      |    total    |   avg. rate
     ------------------------+-------------+-------------+---------------
     2025-03-20    25.95 MiB |    2.43 MiB |   28.38 MiB |    4.20 kbit/s
     ------------------------+-------------+-------------+---------------
      estimated    26.08 MiB |    2.39 MiB |   28.47 MiB |
---------------------------------
Fri Mar 21 23:55:01 UTC 2025: Network usage for interface eth0

 eth0  /  daily

          day        rx      |     tx      |    total    |   avg. rate
     ------------------------+-------------+-------------+---------------
     2025-03-20    25.95 MiB |    2.43 MiB |   28.38 MiB |    2.75 kbit/s
     2025-03-21    42.33 MiB |    3.93 MiB |   46.26 MiB |    4.51 kbit/s
     ------------------------+-------------+-------------+---------------
      estimated    42.43 MiB |    3.87 MiB |   46.31 MiB |
---------------------------------
Sat Mar 22 23:55:01 UTC 2025: Network usage for interface eth0

 eth0  /  daily

          day        rx      |     tx      |    total    |   avg. rate
     ------------------------+-------------+-------------+---------------
     2025-03-20    25.95 MiB |    2.43 MiB |   28.38 MiB |    2.75 kbit/s
     2025-03-21    42.33 MiB |    3.93 MiB |   46.26 MiB |    4.49 kbit/s
     2025-03-22    42.71 MiB |    3.91 MiB |   46.62 MiB |    4.54 kbit/s
     ------------------------+-------------+-------------+---------------
      estimated    42.85 MiB |    3.87 MiB |   46.72 MiB |
---------------------------------
Sun Mar 23 23:55:01 UTC 2025: Network usage for interface eth0

 eth0  /  daily

          day        rx      |     tx      |    total    |   avg. rate
     ------------------------+-------------+-------------+---------------
     2025-03-20    25.95 MiB |    2.43 MiB |   28.38 MiB |    2.75 kbit/s
     2025-03-21    42.33 MiB |    3.93 MiB |   46.26 MiB |    4.49 kbit/s
     2025-03-22    42.71 MiB |    3.91 MiB |   46.62 MiB |    4.53 kbit/s
     2025-03-23    42.52 MiB |    3.93 MiB |   46.45 MiB |    4.53 kbit/s
     ------------------------+-------------+-------------+---------------
      estimated    42.60 MiB |    3.87 MiB |   46.47 MiB |
---------------------------------
Mon Mar 24 23:55:01 UTC 2025: Network usage for interface eth0

 eth0  /  daily

          day        rx      |     tx      |    total    |   avg. rate
     ------------------------+-------------+-------------+---------------
     2025-03-20    25.95 MiB |    2.43 MiB |   28.38 MiB |    2.75 kbit/s
     2025-03-21    42.33 MiB |    3.93 MiB |   46.26 MiB |    4.49 kbit/s
     2025-03-22    42.71 MiB |    3.91 MiB |   46.62 MiB |    4.53 kbit/s
     2025-03-23    42.52 MiB |    3.93 MiB |   46.45 MiB |    4.51 kbit/s
     2025-03-24    39.88 MiB |    3.82 MiB |   43.71 MiB |    4.26 kbit/s
     ------------------------+-------------+-------------+---------------
      estimated    39.96 MiB |    3.79 MiB |   43.75 MiB |
---------------------------------
Tue Mar 25 23:55:01 UTC 2025: Network usage for interface eth0

 eth0  /  daily

          day        rx      |     tx      |    total    |   avg. rate
     ------------------------+-------------+-------------+---------------
     2025-03-20    25.95 MiB |    2.43 MiB |   28.38 MiB |    2.75 kbit/s
     2025-03-21    42.33 MiB |    3.93 MiB |   46.26 MiB |    4.49 kbit/s
     2025-03-22    42.71 MiB |    3.91 MiB |   46.62 MiB |    4.53 kbit/s
     2025-03-23    42.52 MiB |    3.93 MiB |   46.45 MiB |    4.51 kbit/s
     2025-03-24    39.88 MiB |    3.82 MiB |   43.71 MiB |    4.24 kbit/s
     2025-03-25    42.36 MiB |    3.98 MiB |   46.35 MiB |    4.51 kbit/s
     ------------------------+-------------+-------------+---------------
      estimated    42.43 MiB |    3.96 MiB |   46.39 MiB |
---------------------------------
Wed Mar 26 23:55:01 UTC 2025: Network usage for interface eth0

 eth0  /  daily

          day        rx      |     tx      |    total    |   avg. rate
     ------------------------+-------------+-------------+---------------
     2025-03-20    25.95 MiB |    2.43 MiB |   28.38 MiB |    2.75 kbit/s
     2025-03-21    42.33 MiB |    3.93 MiB |   46.26 MiB |    4.49 kbit/s
     2025-03-22    42.71 MiB |    3.91 MiB |   46.62 MiB |    4.53 kbit/s
     2025-03-23    42.52 MiB |    3.93 MiB |   46.45 MiB |    4.51 kbit/s
     2025-03-24    39.88 MiB |    3.82 MiB |   43.71 MiB |    4.24 kbit/s
     2025-03-25    42.36 MiB |    3.98 MiB |   46.35 MiB |    4.50 kbit/s
     2025-03-26    42.35 MiB |    3.97 MiB |   46.32 MiB |    4.51 kbit/s
     ------------------------+-------------+-------------+---------------
      estimated    42.43 MiB |    3.96 MiB |   46.39 MiB |
---------------------------------
Thu Mar 27 23:55:01 UTC 2025: Network usage for interface eth0

 eth0  /  daily

          day        rx      |     tx      |    total    |   avg. rate
     ------------------------+-------------+-------------+---------------
     2025-03-20    25.95 MiB |    2.43 MiB |   28.38 MiB |    2.75 kbit/s
     2025-03-21    42.33 MiB |    3.93 MiB |   46.26 MiB |    4.49 kbit/s
     2025-03-22    42.71 MiB |    3.91 MiB |   46.62 MiB |    4.53 kbit/s
     2025-03-23    42.52 MiB |    3.93 MiB |   46.45 MiB |    4.51 kbit/s
     2025-03-24    39.88 MiB |    3.82 MiB |   43.71 MiB |    4.24 kbit/s
     2025-03-25    42.36 MiB |    3.98 MiB |   46.35 MiB |    4.50 kbit/s
     2025-03-26    42.35 MiB |    3.97 MiB |   46.32 MiB |    4.50 kbit/s
     2025-03-27    42.49 MiB |    4.06 MiB |   46.55 MiB |    4.54 kbit/s
     ------------------------+-------------+-------------+---------------
      estimated    42.60 MiB |    4.04 MiB |   46.64 MiB |
---------------------------------
Fri Mar 28 23:55:01 UTC 2025: Network usage for interface eth0

 eth0  /  daily

          day        rx      |     tx      |    total    |   avg. rate
     ------------------------+-------------+-------------+---------------
     2025-03-20    25.95 MiB |    2.43 MiB |   28.38 MiB |    2.75 kbit/s
     2025-03-21    42.33 MiB |    3.93 MiB |   46.26 MiB |    4.49 kbit/s
     2025-03-22    42.71 MiB |    3.91 MiB |   46.62 MiB |    4.53 kbit/s
     2025-03-23    42.52 MiB |    3.93 MiB |   46.45 MiB |    4.51 kbit/s
     2025-03-24    39.88 MiB |    3.82 MiB |   43.71 MiB |    4.24 kbit/s
     2025-03-25    42.36 MiB |    3.98 MiB |   46.35 MiB |    4.50 kbit/s
     2025-03-26    42.35 MiB |    3.97 MiB |   46.32 MiB |    4.50 kbit/s
     2025-03-27    42.49 MiB |    4.06 MiB |   46.55 MiB |    4.52 kbit/s
     2025-03-28    32.26 MiB |    3.31 MiB |   35.56 MiB |    3.46 kbit/s
     ------------------------+-------------+-------------+---------------
      estimated    32.30 MiB |    3.30 MiB |   35.60 MiB |
---------------------------------
Sat Mar 29 23:55:01 UTC 2025: Network usage for interface eth0

 eth0  /  daily

          day        rx      |     tx      |    total    |   avg. rate
     ------------------------+-------------+-------------+---------------
     2025-03-20    25.95 MiB |    2.43 MiB |   28.38 MiB |    2.75 kbit/s
     2025-03-21    42.33 MiB |    3.93 MiB |   46.26 MiB |    4.49 kbit/s
     2025-03-22    42.71 MiB |    3.91 MiB |   46.62 MiB |    4.53 kbit/s
     2025-03-23    42.52 MiB |    3.93 MiB |   46.45 MiB |    4.51 kbit/s
     2025-03-24    39.88 MiB |    3.82 MiB |   43.71 MiB |    4.24 kbit/s
     2025-03-25    42.36 MiB |    3.98 MiB |   46.35 MiB |    4.50 kbit/s
     2025-03-26    42.35 MiB |    3.97 MiB |   46.32 MiB |    4.50 kbit/s
     2025-03-27    42.49 MiB |    4.06 MiB |   46.55 MiB |    4.52 kbit/s
     2025-03-28    32.26 MiB |    3.31 MiB |   35.56 MiB |    3.45 kbit/s
     2025-03-29    39.47 MiB |    3.90 MiB |   43.36 MiB |    4.22 kbit/s
     ------------------------+-------------+-------------+---------------
      estimated    39.55 MiB |    3.87 MiB |   43.42 MiB |
---------------------------------
Sun Mar 30 23:55:01 UTC 2025: Network usage for interface eth0

 eth0  /  daily

          day        rx      |     tx      |    total    |   avg. rate
     ------------------------+-------------+-------------+---------------
     2025-03-20    25.95 MiB |    2.43 MiB |   28.38 MiB |    2.75 kbit/s
     2025-03-21    42.33 MiB |    3.93 MiB |   46.26 MiB |    4.49 kbit/s
     2025-03-22    42.71 MiB |    3.91 MiB |   46.62 MiB |    4.53 kbit/s
     2025-03-23    42.52 MiB |    3.93 MiB |   46.45 MiB |    4.51 kbit/s
     2025-03-24    39.88 MiB |    3.82 MiB |   43.71 MiB |    4.24 kbit/s
     2025-03-25    42.36 MiB |    3.98 MiB |   46.35 MiB |    4.50 kbit/s
     2025-03-26    42.35 MiB |    3.97 MiB |   46.32 MiB |    4.50 kbit/s
     2025-03-27    42.49 MiB |    4.06 MiB |   46.55 MiB |    4.52 kbit/s
     2025-03-28    32.26 MiB |    3.31 MiB |   35.56 MiB |    3.45 kbit/s
     2025-03-29    39.47 MiB |    3.90 MiB |   43.36 MiB |    4.21 kbit/s
     2025-03-30    39.58 MiB |    4.00 MiB |   43.58 MiB |    4.25 kbit/s
     ------------------------+-------------+-------------+---------------
      estimated    39.63 MiB |    3.96 MiB |   43.59 MiB |
---------------------------------
Mon Mar 31 23:55:01 UTC 2025: Network usage for interface eth0

 eth0  /  daily

          day        rx      |     tx      |    total    |   avg. rate
     ------------------------+-------------+-------------+---------------
     2025-03-20    25.95 MiB |    2.43 MiB |   28.38 MiB |    2.75 kbit/s
     2025-03-21    42.33 MiB |    3.93 MiB |   46.26 MiB |    4.49 kbit/s
     2025-03-22    42.71 MiB |    3.91 MiB |   46.62 MiB |    4.53 kbit/s
     2025-03-23    42.52 MiB |    3.93 MiB |   46.45 MiB |    4.51 kbit/s
     2025-03-24    39.88 MiB |    3.82 MiB |   43.71 MiB |    4.24 kbit/s
     2025-03-25    42.36 MiB |    3.98 MiB |   46.35 MiB |    4.50 kbit/s
     2025-03-26    42.35 MiB |    3.97 MiB |   46.32 MiB |    4.50 kbit/s
     2025-03-27    42.49 MiB |    4.06 MiB |   46.55 MiB |    4.52 kbit/s
     2025-03-28    32.26 MiB |    3.31 MiB |   35.56 MiB |    3.45 kbit/s
     2025-03-29    39.47 MiB |    3.90 MiB |   43.36 MiB |    4.21 kbit/s
     2025-03-30    39.58 MiB |    4.00 MiB |   43.58 MiB |    4.23 kbit/s
     2025-03-31    42.10 MiB |    4.18 MiB |   46.28 MiB |    4.51 kbit/s
     ------------------------+-------------+-------------+---------------
      estimated    42.19 MiB |    4.12 MiB |   46.31 MiB |
---------------------------------
Tue Apr  1 23:55:01 UTC 2025: Network usage for interface eth0

 eth0  /  daily

          day        rx      |     tx      |    total    |   avg. rate
     ------------------------+-------------+-------------+---------------
     2025-03-20    25.95 MiB |    2.43 MiB |   28.38 MiB |    2.75 kbit/s
     2025-03-21    42.33 MiB |    3.93 MiB |   46.26 MiB |    4.49 kbit/s
     2025-03-22    42.71 MiB |    3.91 MiB |   46.62 MiB |    4.53 kbit/s
     2025-03-23    42.52 MiB |    3.93 MiB |   46.45 MiB |    4.51 kbit/s
     2025-03-24    39.88 MiB |    3.82 MiB |   43.71 MiB |    4.24 kbit/s
     2025-03-25    42.36 MiB |    3.98 MiB |   46.35 MiB |    4.50 kbit/s
     2025-03-26    42.35 MiB |    3.97 MiB |   46.32 MiB |    4.50 kbit/s
     2025-03-27    42.49 MiB |    4.06 MiB |   46.55 MiB |    4.52 kbit/s
     2025-03-28    32.26 MiB |    3.31 MiB |   35.56 MiB |    3.45 kbit/s
     2025-03-29    39.47 MiB |    3.90 MiB |   43.36 MiB |    4.21 kbit/s
     2025-03-30    39.58 MiB |    4.00 MiB |   43.58 MiB |    4.23 kbit/s
     2025-03-31    42.10 MiB |    4.18 MiB |   46.28 MiB |    4.49 kbit/s
     2025-04-01    41.33 MiB |    3.96 MiB |   45.29 MiB |    4.41 kbit/s
     ------------------------+-------------+-------------+---------------
      estimated    41.45 MiB |    3.96 MiB |   45.40 MiB |
---------------------------------
Wed Apr  2 23:55:01 UTC 2025: Network usage for interface eth0

 eth0  /  daily

          day        rx      |     tx      |    total    |   avg. rate
     ------------------------+-------------+-------------+---------------
     2025-03-20    25.95 MiB |    2.43 MiB |   28.38 MiB |    2.75 kbit/s
     2025-03-21    42.33 MiB |    3.93 MiB |   46.26 MiB |    4.49 kbit/s
     2025-03-22    42.71 MiB |    3.91 MiB |   46.62 MiB |    4.53 kbit/s
     2025-03-23    42.52 MiB |    3.93 MiB |   46.45 MiB |    4.51 kbit/s
     2025-03-24    39.88 MiB |    3.82 MiB |   43.71 MiB |    4.24 kbit/s
     2025-03-25    42.36 MiB |    3.98 MiB |   46.35 MiB |    4.50 kbit/s
     2025-03-26    42.35 MiB |    3.97 MiB |   46.32 MiB |    4.50 kbit/s
     2025-03-27    42.49 MiB |    4.06 MiB |   46.55 MiB |    4.52 kbit/s
     2025-03-28    32.26 MiB |    3.31 MiB |   35.56 MiB |    3.45 kbit/s
     2025-03-29    39.47 MiB |    3.90 MiB |   43.36 MiB |    4.21 kbit/s
     2025-03-30    39.58 MiB |    4.00 MiB |   43.58 MiB |    4.23 kbit/s
     2025-03-31    42.10 MiB |    4.18 MiB |   46.28 MiB |    4.49 kbit/s
     2025-04-01    41.33 MiB |    3.96 MiB |   45.29 MiB |    4.40 kbit/s
     2025-04-02    41.94 MiB |    3.79 MiB |   45.72 MiB |    4.45 kbit/s
     ------------------------+-------------+-------------+---------------
      estimated    42.02 MiB |    3.79 MiB |   45.81 MiB |
---------------------------------
Thu Apr  3 23:55:01 UTC 2025: Network usage for interface eth0

 eth0  /  daily

          day        rx      |     tx      |    total    |   avg. rate
     ------------------------+-------------+-------------+---------------
     2025-03-20    25.95 MiB |    2.43 MiB |   28.38 MiB |    2.75 kbit/s
     2025-03-21    42.33 MiB |    3.93 MiB |   46.26 MiB |    4.49 kbit/s
     2025-03-22    42.71 MiB |    3.91 MiB |   46.62 MiB |    4.53 kbit/s
     2025-03-23    42.52 MiB |    3.93 MiB |   46.45 MiB |    4.51 kbit/s
     2025-03-24    39.88 MiB |    3.82 MiB |   43.71 MiB |    4.24 kbit/s
     2025-03-25    42.36 MiB |    3.98 MiB |   46.35 MiB |    4.50 kbit/s
     2025-03-26    42.35 MiB |    3.97 MiB |   46.32 MiB |    4.50 kbit/s
     2025-03-27    42.49 MiB |    4.06 MiB |   46.55 MiB |    4.52 kbit/s
     2025-03-28    32.26 MiB |    3.31 MiB |   35.56 MiB |    3.45 kbit/s
     2025-03-29    39.47 MiB |    3.90 MiB |   43.36 MiB |    4.21 kbit/s
     2025-03-30    39.58 MiB |    4.00 MiB |   43.58 MiB |    4.23 kbit/s
     2025-03-31    42.10 MiB |    4.18 MiB |   46.28 MiB |    4.49 kbit/s
     2025-04-01    41.33 MiB |    3.96 MiB |   45.29 MiB |    4.40 kbit/s
     2025-04-02    41.94 MiB |    3.79 MiB |   45.72 MiB |    4.44 kbit/s
     2025-04-03    37.91 MiB |    3.57 MiB |   41.47 MiB |    4.04 kbit/s
     ------------------------+-------------+-------------+---------------
      estimated    37.99 MiB |    3.54 MiB |   41.53 MiB |
---------------------------------
Fri Apr  4 23:55:01 UTC 2025: Network usage for interface eth0

 eth0  /  daily

          day        rx      |     tx      |    total    |   avg. rate
     ------------------------+-------------+-------------+---------------
     2025-03-20    25.95 MiB |    2.43 MiB |   28.38 MiB |    2.75 kbit/s
     2025-03-21    42.33 MiB |    3.93 MiB |   46.26 MiB |    4.49 kbit/s
     2025-03-22    42.71 MiB |    3.91 MiB |   46.62 MiB |    4.53 kbit/s
     2025-03-23    42.52 MiB |    3.93 MiB |   46.45 MiB |    4.51 kbit/s
     2025-03-24    39.88 MiB |    3.82 MiB |   43.71 MiB |    4.24 kbit/s
     2025-03-25    42.36 MiB |    3.98 MiB |   46.35 MiB |    4.50 kbit/s
     2025-03-26    42.35 MiB |    3.97 MiB |   46.32 MiB |    4.50 kbit/s
     2025-03-27    42.49 MiB |    4.06 MiB |   46.55 MiB |    4.52 kbit/s
     2025-03-28    32.26 MiB |    3.31 MiB |   35.56 MiB |    3.45 kbit/s
     2025-03-29    39.47 MiB |    3.90 MiB |   43.36 MiB |    4.21 kbit/s
     2025-03-30    39.58 MiB |    4.00 MiB |   43.58 MiB |    4.23 kbit/s
     2025-03-31    42.10 MiB |    4.18 MiB |   46.28 MiB |    4.49 kbit/s
     2025-04-01    41.33 MiB |    3.96 MiB |   45.29 MiB |    4.40 kbit/s
     2025-04-02    41.94 MiB |    3.79 MiB |   45.72 MiB |    4.44 kbit/s
     2025-04-03    37.91 MiB |    3.57 MiB |   41.47 MiB |    4.03 kbit/s
     2025-04-04    43.55 MiB |    3.98 MiB |   47.53 MiB |    4.63 kbit/s
     ------------------------+-------------+-------------+---------------
      estimated    43.67 MiB |    3.96 MiB |   47.63 MiB |
---------------------------------
Sat Apr  5 23:55:01 UTC 2025: Network usage for interface eth0

 eth0  /  daily

          day        rx      |     tx      |    total    |   avg. rate
     ------------------------+-------------+-------------+---------------
     2025-03-20    25.95 MiB |    2.43 MiB |   28.38 MiB |    2.75 kbit/s
     2025-03-21    42.33 MiB |    3.93 MiB |   46.26 MiB |    4.49 kbit/s
     2025-03-22    42.71 MiB |    3.91 MiB |   46.62 MiB |    4.53 kbit/s
     2025-03-23    42.52 MiB |    3.93 MiB |   46.45 MiB |    4.51 kbit/s
     2025-03-24    39.88 MiB |    3.82 MiB |   43.71 MiB |    4.24 kbit/s
     2025-03-25    42.36 MiB |    3.98 MiB |   46.35 MiB |    4.50 kbit/s
     2025-03-26    42.35 MiB |    3.97 MiB |   46.32 MiB |    4.50 kbit/s
     2025-03-27    42.49 MiB |    4.06 MiB |   46.55 MiB |    4.52 kbit/s
     2025-03-28    32.26 MiB |    3.31 MiB |   35.56 MiB |    3.45 kbit/s
     2025-03-29    39.47 MiB |    3.90 MiB |   43.36 MiB |    4.21 kbit/s
     2025-03-30    39.58 MiB |    4.00 MiB |   43.58 MiB |    4.23 kbit/s
     2025-03-31    42.10 MiB |    4.18 MiB |   46.28 MiB |    4.49 kbit/s
     2025-04-01    41.33 MiB |    3.96 MiB |   45.29 MiB |    4.40 kbit/s
     2025-04-02    41.94 MiB |    3.79 MiB |   45.72 MiB |    4.44 kbit/s
     2025-04-03    37.91 MiB |    3.57 MiB |   41.47 MiB |    4.03 kbit/s
     2025-04-04    43.55 MiB |    3.98 MiB |   47.53 MiB |    4.61 kbit/s
     2025-04-05    42.33 MiB |    3.88 MiB |   46.21 MiB |    4.50 kbit/s
     ------------------------+-------------+-------------+---------------
      estimated    42.43 MiB |    3.87 MiB |   46.31 MiB |
---------------------------------
Sun Apr  6 23:55:01 UTC 2025: Network usage for interface eth0

 eth0  /  daily

          day        rx      |     tx      |    total    |   avg. rate
     ------------------------+-------------+-------------+---------------
     2025-03-20    25.95 MiB |    2.43 MiB |   28.38 MiB |    2.75 kbit/s
     2025-03-21    42.33 MiB |    3.93 MiB |   46.26 MiB |    4.49 kbit/s
     2025-03-22    42.71 MiB |    3.91 MiB |   46.62 MiB |    4.53 kbit/s
     2025-03-23    42.52 MiB |    3.93 MiB |   46.45 MiB |    4.51 kbit/s
     2025-03-24    39.88 MiB |    3.82 MiB |   43.71 MiB |    4.24 kbit/s
     2025-03-25    42.36 MiB |    3.98 MiB |   46.35 MiB |    4.50 kbit/s
     2025-03-26    42.35 MiB |    3.97 MiB |   46.32 MiB |    4.50 kbit/s
     2025-03-27    42.49 MiB |    4.06 MiB |   46.55 MiB |    4.52 kbit/s
     2025-03-28    32.26 MiB |    3.31 MiB |   35.56 MiB |    3.45 kbit/s
     2025-03-29    39.47 MiB |    3.90 MiB |   43.36 MiB |    4.21 kbit/s
     2025-03-30    39.58 MiB |    4.00 MiB |   43.58 MiB |    4.23 kbit/s
     2025-03-31    42.10 MiB |    4.18 MiB |   46.28 MiB |    4.49 kbit/s
     2025-04-01    41.33 MiB |    3.96 MiB |   45.29 MiB |    4.40 kbit/s
     2025-04-02    41.94 MiB |    3.79 MiB |   45.72 MiB |    4.44 kbit/s
     2025-04-03    37.91 MiB |    3.57 MiB |   41.47 MiB |    4.03 kbit/s
     2025-04-04    43.55 MiB |    3.98 MiB |   47.53 MiB |    4.61 kbit/s
     2025-04-05    42.33 MiB |    3.88 MiB |   46.21 MiB |    4.49 kbit/s
     2025-04-06    42.93 MiB |    4.13 MiB |   47.06 MiB |    4.58 kbit/s
     ------------------------+-------------+-------------+---------------
      estimated    43.01 MiB |    4.12 MiB |   47.13 MiB |
---------------------------------
Mon Apr  7 23:55:01 UTC 2025: Network usage for interface eth0

 eth0  /  daily

          day        rx      |     tx      |    total    |   avg. rate
     ------------------------+-------------+-------------+---------------
     2025-03-20    25.95 MiB |    2.43 MiB |   28.38 MiB |    2.75 kbit/s
     2025-03-21    42.33 MiB |    3.93 MiB |   46.26 MiB |    4.49 kbit/s
     2025-03-22    42.71 MiB |    3.91 MiB |   46.62 MiB |    4.53 kbit/s
     2025-03-23    42.52 MiB |    3.93 MiB |   46.45 MiB |    4.51 kbit/s
     2025-03-24    39.88 MiB |    3.82 MiB |   43.71 MiB |    4.24 kbit/s
     2025-03-25    42.36 MiB |    3.98 MiB |   46.35 MiB |    4.50 kbit/s
     2025-03-26    42.35 MiB |    3.97 MiB |   46.32 MiB |    4.50 kbit/s
     2025-03-27    42.49 MiB |    4.06 MiB |   46.55 MiB |    4.52 kbit/s
     2025-03-28    32.26 MiB |    3.31 MiB |   35.56 MiB |    3.45 kbit/s
     2025-03-29    39.47 MiB |    3.90 MiB |   43.36 MiB |    4.21 kbit/s
     2025-03-30    39.58 MiB |    4.00 MiB |   43.58 MiB |    4.23 kbit/s
     2025-03-31    42.10 MiB |    4.18 MiB |   46.28 MiB |    4.49 kbit/s
     2025-04-01    41.33 MiB |    3.96 MiB |   45.29 MiB |    4.40 kbit/s
     2025-04-02    41.94 MiB |    3.79 MiB |   45.72 MiB |    4.44 kbit/s
     2025-04-03    37.91 MiB |    3.57 MiB |   41.47 MiB |    4.03 kbit/s
     2025-04-04    43.55 MiB |    3.98 MiB |   47.53 MiB |    4.61 kbit/s
     2025-04-05    42.33 MiB |    3.88 MiB |   46.21 MiB |    4.49 kbit/s
     2025-04-06    42.93 MiB |    4.13 MiB |   47.06 MiB |    4.57 kbit/s
     2025-04-07    43.18 MiB |    3.85 MiB |   47.03 MiB |    4.58 kbit/s
     ------------------------+-------------+-------------+---------------
      estimated    43.26 MiB |    3.79 MiB |   47.05 MiB |
---------------------------------
Tue Apr  8 23:55:01 UTC 2025: Network usage for interface eth0

 eth0  /  daily

          day        rx      |     tx      |    total    |   avg. rate
     ------------------------+-------------+-------------+---------------
     2025-03-20    25.95 MiB |    2.43 MiB |   28.38 MiB |    2.75 kbit/s
     2025-03-21    42.33 MiB |    3.93 MiB |   46.26 MiB |    4.49 kbit/s
     2025-03-22    42.71 MiB |    3.91 MiB |   46.62 MiB |    4.53 kbit/s
     2025-03-23    42.52 MiB |    3.93 MiB |   46.45 MiB |    4.51 kbit/s
     2025-03-24    39.88 MiB |    3.82 MiB |   43.71 MiB |    4.24 kbit/s
     2025-03-25    42.36 MiB |    3.98 MiB |   46.35 MiB |    4.50 kbit/s
     2025-03-26    42.35 MiB |    3.97 MiB |   46.32 MiB |    4.50 kbit/s
     2025-03-27    42.49 MiB |    4.06 MiB |   46.55 MiB |    4.52 kbit/s
     2025-03-28    32.26 MiB |    3.31 MiB |   35.56 MiB |    3.45 kbit/s
     2025-03-29    39.47 MiB |    3.90 MiB |   43.36 MiB |    4.21 kbit/s
     2025-03-30    39.58 MiB |    4.00 MiB |   43.58 MiB |    4.23 kbit/s
     2025-03-31    42.10 MiB |    4.18 MiB |   46.28 MiB |    4.49 kbit/s
     2025-04-01    41.33 MiB |    3.96 MiB |   45.29 MiB |    4.40 kbit/s
     2025-04-02    41.94 MiB |    3.79 MiB |   45.72 MiB |    4.44 kbit/s
     2025-04-03    37.91 MiB |    3.57 MiB |   41.47 MiB |    4.03 kbit/s
     2025-04-04    43.55 MiB |    3.98 MiB |   47.53 MiB |    4.61 kbit/s
     2025-04-05    42.33 MiB |    3.88 MiB |   46.21 MiB |    4.49 kbit/s
     2025-04-06    42.93 MiB |    4.13 MiB |   47.06 MiB |    4.57 kbit/s
     2025-04-07    43.18 MiB |    3.85 MiB |   47.03 MiB |    4.57 kbit/s
     2025-04-08     4.04 GiB |    4.00 GiB |    8.04 GiB |  802.60 kbit/s
     ------------------------+-------------+-------------+---------------
      estimated     4.06 GiB |    4.02 GiB |    8.07 GiB |
---------------------------------
Wed Apr  9 23:55:01 UTC 2025: Network usage for interface eth0

 eth0  /  daily

          day        rx      |     tx      |    total    |   avg. rate
     ------------------------+-------------+-------------+---------------
     2025-03-20    25.95 MiB |    2.43 MiB |   28.38 MiB |    2.75 kbit/s
     2025-03-21    42.33 MiB |    3.93 MiB |   46.26 MiB |    4.49 kbit/s
     2025-03-22    42.71 MiB |    3.91 MiB |   46.62 MiB |    4.53 kbit/s
     2025-03-23    42.52 MiB |    3.93 MiB |   46.45 MiB |    4.51 kbit/s
     2025-03-24    39.88 MiB |    3.82 MiB |   43.71 MiB |    4.24 kbit/s
     2025-03-25    42.36 MiB |    3.98 MiB |   46.35 MiB |    4.50 kbit/s
     2025-03-26    42.35 MiB |    3.97 MiB |   46.32 MiB |    4.50 kbit/s
     2025-03-27    42.49 MiB |    4.06 MiB |   46.55 MiB |    4.52 kbit/s
     2025-03-28    32.26 MiB |    3.31 MiB |   35.56 MiB |    3.45 kbit/s
     2025-03-29    39.47 MiB |    3.90 MiB |   43.36 MiB |    4.21 kbit/s
     2025-03-30    39.58 MiB |    4.00 MiB |   43.58 MiB |    4.23 kbit/s
     2025-03-31    42.10 MiB |    4.18 MiB |   46.28 MiB |    4.49 kbit/s
     2025-04-01    41.33 MiB |    3.96 MiB |   45.29 MiB |    4.40 kbit/s
     2025-04-02    41.94 MiB |    3.79 MiB |   45.72 MiB |    4.44 kbit/s
     2025-04-03    37.91 MiB |    3.57 MiB |   41.47 MiB |    4.03 kbit/s
     2025-04-04    43.55 MiB |    3.98 MiB |   47.53 MiB |    4.61 kbit/s
     2025-04-05    42.33 MiB |    3.88 MiB |   46.21 MiB |    4.49 kbit/s
     2025-04-06    42.93 MiB |    4.13 MiB |   47.06 MiB |    4.57 kbit/s
     2025-04-07    43.18 MiB |    3.85 MiB |   47.03 MiB |    4.57 kbit/s
     2025-04-08     4.04 GiB |    4.00 GiB |    8.04 GiB |  799.81 kbit/s
     2025-04-09    43.31 MiB |    3.93 MiB |   47.25 MiB |    4.60 kbit/s
     ------------------------+-------------+-------------+---------------
      estimated    43.42 MiB |    3.87 MiB |   47.30 MiB |
---------------------------------
Thu Apr 10 23:55:02 UTC 2025: Network usage for interface eth0

 eth0  /  daily

          day        rx      |     tx      |    total    |   avg. rate
     ------------------------+-------------+-------------+---------------
     2025-03-20    25.95 MiB |    2.43 MiB |   28.38 MiB |    2.75 kbit/s
     2025-03-21    42.33 MiB |    3.93 MiB |   46.26 MiB |    4.49 kbit/s
     2025-03-22    42.71 MiB |    3.91 MiB |   46.62 MiB |    4.53 kbit/s
     2025-03-23    42.52 MiB |    3.93 MiB |   46.45 MiB |    4.51 kbit/s
     2025-03-24    39.88 MiB |    3.82 MiB |   43.71 MiB |    4.24 kbit/s
     2025-03-25    42.36 MiB |    3.98 MiB |   46.35 MiB |    4.50 kbit/s
     2025-03-26    42.35 MiB |    3.97 MiB |   46.32 MiB |    4.50 kbit/s
     2025-03-27    42.49 MiB |    4.06 MiB |   46.55 MiB |    4.52 kbit/s
     2025-03-28    32.26 MiB |    3.31 MiB |   35.56 MiB |    3.45 kbit/s
     2025-03-29    39.47 MiB |    3.90 MiB |   43.36 MiB |    4.21 kbit/s
     2025-03-30    39.58 MiB |    4.00 MiB |   43.58 MiB |    4.23 kbit/s
     2025-03-31    42.10 MiB |    4.18 MiB |   46.28 MiB |    4.49 kbit/s
     2025-04-01    41.33 MiB |    3.96 MiB |   45.29 MiB |    4.40 kbit/s
     2025-04-02    41.94 MiB |    3.79 MiB |   45.72 MiB |    4.44 kbit/s
     2025-04-03    37.91 MiB |    3.57 MiB |   41.47 MiB |    4.03 kbit/s
     2025-04-04    43.55 MiB |    3.98 MiB |   47.53 MiB |    4.61 kbit/s
     2025-04-05    42.33 MiB |    3.88 MiB |   46.21 MiB |    4.49 kbit/s
     2025-04-06    42.93 MiB |    4.13 MiB |   47.06 MiB |    4.57 kbit/s
     2025-04-07    43.18 MiB |    3.85 MiB |   47.03 MiB |    4.57 kbit/s
     2025-04-08     4.04 GiB |    4.00 GiB |    8.04 GiB |  799.81 kbit/s
     2025-04-09    43.31 MiB |    3.93 MiB |   47.25 MiB |    4.59 kbit/s
     2025-04-10    43.00 MiB |    3.90 MiB |   46.90 MiB |    4.57 kbit/s
     ------------------------+-------------+-------------+---------------
      estimated    43.09 MiB |    3.87 MiB |   46.97 MiB |
---------------------------------
Fri Apr 11 23:55:01 UTC 2025: Network usage for interface eth0

 eth0  /  daily

          day        rx      |     tx      |    total    |   avg. rate
     ------------------------+-------------+-------------+---------------
     2025-03-20    25.95 MiB |    2.43 MiB |   28.38 MiB |    2.75 kbit/s
     2025-03-21    42.33 MiB |    3.93 MiB |   46.26 MiB |    4.49 kbit/s
     2025-03-22    42.71 MiB |    3.91 MiB |   46.62 MiB |    4.53 kbit/s
     2025-03-23    42.52 MiB |    3.93 MiB |   46.45 MiB |    4.51 kbit/s
     2025-03-24    39.88 MiB |    3.82 MiB |   43.71 MiB |    4.24 kbit/s
     2025-03-25    42.36 MiB |    3.98 MiB |   46.35 MiB |    4.50 kbit/s
     2025-03-26    42.35 MiB |    3.97 MiB |   46.32 MiB |    4.50 kbit/s
     2025-03-27    42.49 MiB |    4.06 MiB |   46.55 MiB |    4.52 kbit/s
     2025-03-28    32.26 MiB |    3.31 MiB |   35.56 MiB |    3.45 kbit/s
     2025-03-29    39.47 MiB |    3.90 MiB |   43.36 MiB |    4.21 kbit/s
     2025-03-30    39.58 MiB |    4.00 MiB |   43.58 MiB |    4.23 kbit/s
     2025-03-31    42.10 MiB |    4.18 MiB |   46.28 MiB |    4.49 kbit/s
     2025-04-01    41.33 MiB |    3.96 MiB |   45.29 MiB |    4.40 kbit/s
     2025-04-02    41.94 MiB |    3.79 MiB |   45.72 MiB |    4.44 kbit/s
     2025-04-03    37.91 MiB |    3.57 MiB |   41.47 MiB |    4.03 kbit/s
     2025-04-04    43.55 MiB |    3.98 MiB |   47.53 MiB |    4.61 kbit/s
     2025-04-05    42.33 MiB |    3.88 MiB |   46.21 MiB |    4.49 kbit/s
     2025-04-06    42.93 MiB |    4.13 MiB |   47.06 MiB |    4.57 kbit/s
     2025-04-07    43.18 MiB |    3.85 MiB |   47.03 MiB |    4.57 kbit/s
     2025-04-08     4.04 GiB |    4.00 GiB |    8.04 GiB |  799.81 kbit/s
     2025-04-09    43.31 MiB |    3.93 MiB |   47.25 MiB |    4.59 kbit/s
     2025-04-10    43.00 MiB |    3.90 MiB |   46.90 MiB |    4.55 kbit/s
     2025-04-11    43.53 MiB |    3.91 MiB |   47.44 MiB |    4.62 kbit/s
     ------------------------+-------------+-------------+---------------
      estimated    43.67 MiB |    3.87 MiB |   47.54 MiB |
---------------------------------
Sun Apr 13 23:55:01 UTC 2025: Network usage for interface eth0

 eth0  /  daily

          day        rx      |     tx      |    total    |   avg. rate
     ------------------------+-------------+-------------+---------------
     2025-03-20    25.95 MiB |    2.43 MiB |   28.38 MiB |    2.75 kbit/s
     2025-03-21    42.33 MiB |    3.93 MiB |   46.26 MiB |    4.49 kbit/s
     2025-03-22    42.71 MiB |    3.91 MiB |   46.62 MiB |    4.53 kbit/s
     2025-03-23    42.52 MiB |    3.93 MiB |   46.45 MiB |    4.51 kbit/s
     2025-03-24    39.88 MiB |    3.82 MiB |   43.71 MiB |    4.24 kbit/s
     2025-03-25    42.36 MiB |    3.98 MiB |   46.35 MiB |    4.50 kbit/s
     2025-03-26    42.35 MiB |    3.97 MiB |   46.32 MiB |    4.50 kbit/s
     2025-03-27    42.49 MiB |    4.06 MiB |   46.55 MiB |    4.52 kbit/s
     2025-03-28    32.26 MiB |    3.31 MiB |   35.56 MiB |    3.45 kbit/s
     2025-03-29    39.47 MiB |    3.90 MiB |   43.36 MiB |    4.21 kbit/s
     2025-03-30    39.58 MiB |    4.00 MiB |   43.58 MiB |    4.23 kbit/s
     2025-03-31    42.10 MiB |    4.18 MiB |   46.28 MiB |    4.49 kbit/s
     2025-04-01    41.33 MiB |    3.96 MiB |   45.29 MiB |    4.40 kbit/s
     2025-04-02    41.94 MiB |    3.79 MiB |   45.72 MiB |    4.44 kbit/s
     2025-04-03    37.91 MiB |    3.57 MiB |   41.47 MiB |    4.03 kbit/s
     2025-04-04    43.55 MiB |    3.98 MiB |   47.53 MiB |    4.61 kbit/s
     2025-04-05    42.33 MiB |    3.88 MiB |   46.21 MiB |    4.49 kbit/s
     2025-04-06    42.93 MiB |    4.13 MiB |   47.06 MiB |    4.57 kbit/s
     2025-04-07    43.18 MiB |    3.85 MiB |   47.03 MiB |    4.57 kbit/s
     2025-04-08     4.04 GiB |    4.00 GiB |    8.04 GiB |  799.81 kbit/s
     2025-04-09    43.31 MiB |    3.93 MiB |   47.25 MiB |    4.59 kbit/s
     2025-04-10    43.00 MiB |    3.90 MiB |   46.90 MiB |    4.55 kbit/s
     2025-04-11    43.53 MiB |    3.91 MiB |   47.44 MiB |    4.61 kbit/s
     2025-04-12    25.62 MiB |    2.27 MiB |   27.89 MiB |    2.71 kbit/s
     2025-04-13    31.43 MiB |    2.84 MiB |   34.28 MiB |    3.34 kbit/s
     ------------------------+-------------+-------------+---------------
      estimated    31.48 MiB |    2.80 MiB |   34.28 MiB |
---------------------------------
Mon Apr 14 23:55:01 UTC 2025: Network usage for interface eth0

 eth0  /  daily

          day        rx      |     tx      |    total    |   avg. rate
     ------------------------+-------------+-------------+---------------
     2025-03-20    25.95 MiB |    2.43 MiB |   28.38 MiB |    2.75 kbit/s
     2025-03-21    42.33 MiB |    3.93 MiB |   46.26 MiB |    4.49 kbit/s
     2025-03-22    42.71 MiB |    3.91 MiB |   46.62 MiB |    4.53 kbit/s
     2025-03-23    42.52 MiB |    3.93 MiB |   46.45 MiB |    4.51 kbit/s
     2025-03-24    39.88 MiB |    3.82 MiB |   43.71 MiB |    4.24 kbit/s
     2025-03-25    42.36 MiB |    3.98 MiB |   46.35 MiB |    4.50 kbit/s
     2025-03-26    42.35 MiB |    3.97 MiB |   46.32 MiB |    4.50 kbit/s
     2025-03-27    42.49 MiB |    4.06 MiB |   46.55 MiB |    4.52 kbit/s
     2025-03-28    32.26 MiB |    3.31 MiB |   35.56 MiB |    3.45 kbit/s
     2025-03-29    39.47 MiB |    3.90 MiB |   43.36 MiB |    4.21 kbit/s
     2025-03-30    39.58 MiB |    4.00 MiB |   43.58 MiB |    4.23 kbit/s
     2025-03-31    42.10 MiB |    4.18 MiB |   46.28 MiB |    4.49 kbit/s
     2025-04-01    41.33 MiB |    3.96 MiB |   45.29 MiB |    4.40 kbit/s
     2025-04-02    41.94 MiB |    3.79 MiB |   45.72 MiB |    4.44 kbit/s
     2025-04-03    37.91 MiB |    3.57 MiB |   41.47 MiB |    4.03 kbit/s
     2025-04-04    43.55 MiB |    3.98 MiB |   47.53 MiB |    4.61 kbit/s
     2025-04-05    42.33 MiB |    3.88 MiB |   46.21 MiB |    4.49 kbit/s
     2025-04-06    42.93 MiB |    4.13 MiB |   47.06 MiB |    4.57 kbit/s
     2025-04-07    43.18 MiB |    3.85 MiB |   47.03 MiB |    4.57 kbit/s
     2025-04-08     4.04 GiB |    4.00 GiB |    8.04 GiB |  799.81 kbit/s
     2025-04-09    43.31 MiB |    3.93 MiB |   47.25 MiB |    4.59 kbit/s
     2025-04-10    43.00 MiB |    3.90 MiB |   46.90 MiB |    4.55 kbit/s
     2025-04-11    43.53 MiB |    3.91 MiB |   47.44 MiB |    4.61 kbit/s
     2025-04-12    25.62 MiB |    2.27 MiB |   27.89 MiB |    2.71 kbit/s
     2025-04-13    31.43 MiB |    2.84 MiB |   34.28 MiB |    3.33 kbit/s
     2025-04-14    42.87 MiB |    4.07 MiB |   46.94 MiB |    4.57 kbit/s
     ------------------------+-------------+-------------+---------------
      estimated    43.01 MiB |    4.04 MiB |   47.05 MiB |
---------------------------------
Tue Apr 15 23:55:01 UTC 2025: Network usage for interface eth0

 eth0  /  daily

          day        rx      |     tx      |    total    |   avg. rate
     ------------------------+-------------+-------------+---------------
     2025-03-20    25.95 MiB |    2.43 MiB |   28.38 MiB |    2.75 kbit/s
     2025-03-21    42.33 MiB |    3.93 MiB |   46.26 MiB |    4.49 kbit/s
     2025-03-22    42.71 MiB |    3.91 MiB |   46.62 MiB |    4.53 kbit/s
     2025-03-23    42.52 MiB |    3.93 MiB |   46.45 MiB |    4.51 kbit/s
     2025-03-24    39.88 MiB |    3.82 MiB |   43.71 MiB |    4.24 kbit/s
     2025-03-25    42.36 MiB |    3.98 MiB |   46.35 MiB |    4.50 kbit/s
     2025-03-26    42.35 MiB |    3.97 MiB |   46.32 MiB |    4.50 kbit/s
     2025-03-27    42.49 MiB |    4.06 MiB |   46.55 MiB |    4.52 kbit/s
     2025-03-28    32.26 MiB |    3.31 MiB |   35.56 MiB |    3.45 kbit/s
     2025-03-29    39.47 MiB |    3.90 MiB |   43.36 MiB |    4.21 kbit/s
     2025-03-30    39.58 MiB |    4.00 MiB |   43.58 MiB |    4.23 kbit/s
     2025-03-31    42.10 MiB |    4.18 MiB |   46.28 MiB |    4.49 kbit/s
     2025-04-01    41.33 MiB |    3.96 MiB |   45.29 MiB |    4.40 kbit/s
     2025-04-02    41.94 MiB |    3.79 MiB |   45.72 MiB |    4.44 kbit/s
     2025-04-03    37.91 MiB |    3.57 MiB |   41.47 MiB |    4.03 kbit/s
     2025-04-04    43.55 MiB |    3.98 MiB |   47.53 MiB |    4.61 kbit/s
     2025-04-05    42.33 MiB |    3.88 MiB |   46.21 MiB |    4.49 kbit/s
     2025-04-06    42.93 MiB |    4.13 MiB |   47.06 MiB |    4.57 kbit/s
     2025-04-07    43.18 MiB |    3.85 MiB |   47.03 MiB |    4.57 kbit/s
     2025-04-08     4.04 GiB |    4.00 GiB |    8.04 GiB |  799.81 kbit/s
     2025-04-09    43.31 MiB |    3.93 MiB |   47.25 MiB |    4.59 kbit/s
     2025-04-10    43.00 MiB |    3.90 MiB |   46.90 MiB |    4.55 kbit/s
     2025-04-11    43.53 MiB |    3.91 MiB |   47.44 MiB |    4.61 kbit/s
     2025-04-12    25.62 MiB |    2.27 MiB |   27.89 MiB |    2.71 kbit/s
     2025-04-13    31.43 MiB |    2.84 MiB |   34.28 MiB |    3.33 kbit/s
     2025-04-14    42.87 MiB |    4.07 MiB |   46.94 MiB |    4.56 kbit/s
     2025-04-15    43.30 MiB |    3.97 MiB |   47.27 MiB |    4.61 kbit/s
     ------------------------+-------------+-------------+---------------
      estimated    43.42 MiB |    3.96 MiB |   47.38 MiB |
---------------------------------
Wed Apr 16 23:55:01 UTC 2025: Network usage for interface eth0

 eth0  /  daily

          day        rx      |     tx      |    total    |   avg. rate
     ------------------------+-------------+-------------+---------------
     2025-03-20    25.95 MiB |    2.43 MiB |   28.38 MiB |    2.75 kbit/s
     2025-03-21    42.33 MiB |    3.93 MiB |   46.26 MiB |    4.49 kbit/s
     2025-03-22    42.71 MiB |    3.91 MiB |   46.62 MiB |    4.53 kbit/s
     2025-03-23    42.52 MiB |    3.93 MiB |   46.45 MiB |    4.51 kbit/s
     2025-03-24    39.88 MiB |    3.82 MiB |   43.71 MiB |    4.24 kbit/s
     2025-03-25    42.36 MiB |    3.98 MiB |   46.35 MiB |    4.50 kbit/s
     2025-03-26    42.35 MiB |    3.97 MiB |   46.32 MiB |    4.50 kbit/s
     2025-03-27    42.49 MiB |    4.06 MiB |   46.55 MiB |    4.52 kbit/s
     2025-03-28    32.26 MiB |    3.31 MiB |   35.56 MiB |    3.45 kbit/s
     2025-03-29    39.47 MiB |    3.90 MiB |   43.36 MiB |    4.21 kbit/s
     2025-03-30    39.58 MiB |    4.00 MiB |   43.58 MiB |    4.23 kbit/s
     2025-03-31    42.10 MiB |    4.18 MiB |   46.28 MiB |    4.49 kbit/s
     2025-04-01    41.33 MiB |    3.96 MiB |   45.29 MiB |    4.40 kbit/s
     2025-04-02    41.94 MiB |    3.79 MiB |   45.72 MiB |    4.44 kbit/s
     2025-04-03    37.91 MiB |    3.57 MiB |   41.47 MiB |    4.03 kbit/s
     2025-04-04    43.55 MiB |    3.98 MiB |   47.53 MiB |    4.61 kbit/s
     2025-04-05    42.33 MiB |    3.88 MiB |   46.21 MiB |    4.49 kbit/s
     2025-04-06    42.93 MiB |    4.13 MiB |   47.06 MiB |    4.57 kbit/s
     2025-04-07    43.18 MiB |    3.85 MiB |   47.03 MiB |    4.57 kbit/s
     2025-04-08     4.04 GiB |    4.00 GiB |    8.04 GiB |  799.81 kbit/s
     2025-04-09    43.31 MiB |    3.93 MiB |   47.25 MiB |    4.59 kbit/s
     2025-04-10    43.00 MiB |    3.90 MiB |   46.90 MiB |    4.55 kbit/s
     2025-04-11    43.53 MiB |    3.91 MiB |   47.44 MiB |    4.61 kbit/s
     2025-04-12    25.62 MiB |    2.27 MiB |   27.89 MiB |    2.71 kbit/s
     2025-04-13    31.43 MiB |    2.84 MiB |   34.28 MiB |    3.33 kbit/s
     2025-04-14    42.87 MiB |    4.07 MiB |   46.94 MiB |    4.56 kbit/s
     2025-04-15    43.30 MiB |    3.97 MiB |   47.27 MiB |    4.59 kbit/s
     2025-04-16    43.03 MiB |    3.83 MiB |   46.86 MiB |    4.57 kbit/s
     ------------------------+-------------+-------------+---------------
      estimated    43.18 MiB |    3.79 MiB |   46.97 MiB |
---------------------------------
Thu Apr 17 23:55:02 UTC 2025: Network usage for interface eth0

 eth0  /  daily

          day        rx      |     tx      |    total    |   avg. rate
     ------------------------+-------------+-------------+---------------
     2025-03-20    25.95 MiB |    2.43 MiB |   28.38 MiB |    2.75 kbit/s
     2025-03-21    42.33 MiB |    3.93 MiB |   46.26 MiB |    4.49 kbit/s
     2025-03-22    42.71 MiB |    3.91 MiB |   46.62 MiB |    4.53 kbit/s
     2025-03-23    42.52 MiB |    3.93 MiB |   46.45 MiB |    4.51 kbit/s
     2025-03-24    39.88 MiB |    3.82 MiB |   43.71 MiB |    4.24 kbit/s
     2025-03-25    42.36 MiB |    3.98 MiB |   46.35 MiB |    4.50 kbit/s
     2025-03-26    42.35 MiB |    3.97 MiB |   46.32 MiB |    4.50 kbit/s
     2025-03-27    42.49 MiB |    4.06 MiB |   46.55 MiB |    4.52 kbit/s
     2025-03-28    32.26 MiB |    3.31 MiB |   35.56 MiB |    3.45 kbit/s
     2025-03-29    39.47 MiB |    3.90 MiB |   43.36 MiB |    4.21 kbit/s
     2025-03-30    39.58 MiB |    4.00 MiB |   43.58 MiB |    4.23 kbit/s
     2025-03-31    42.10 MiB |    4.18 MiB |   46.28 MiB |    4.49 kbit/s
     2025-04-01    41.33 MiB |    3.96 MiB |   45.29 MiB |    4.40 kbit/s
     2025-04-02    41.94 MiB |    3.79 MiB |   45.72 MiB |    4.44 kbit/s
     2025-04-03    37.91 MiB |    3.57 MiB |   41.47 MiB |    4.03 kbit/s
     2025-04-04    43.55 MiB |    3.98 MiB |   47.53 MiB |    4.61 kbit/s
     2025-04-05    42.33 MiB |    3.88 MiB |   46.21 MiB |    4.49 kbit/s
     2025-04-06    42.93 MiB |    4.13 MiB |   47.06 MiB |    4.57 kbit/s
     2025-04-07    43.18 MiB |    3.85 MiB |   47.03 MiB |    4.57 kbit/s
     2025-04-08     4.04 GiB |    4.00 GiB |    8.04 GiB |  799.81 kbit/s
     2025-04-09    43.31 MiB |    3.93 MiB |   47.25 MiB |    4.59 kbit/s
     2025-04-10    43.00 MiB |    3.90 MiB |   46.90 MiB |    4.55 kbit/s
     2025-04-11    43.53 MiB |    3.91 MiB |   47.44 MiB |    4.61 kbit/s
     2025-04-12    25.62 MiB |    2.27 MiB |   27.89 MiB |    2.71 kbit/s
     2025-04-13    31.43 MiB |    2.84 MiB |   34.28 MiB |    3.33 kbit/s
     2025-04-14    42.87 MiB |    4.07 MiB |   46.94 MiB |    4.56 kbit/s
     2025-04-15    43.30 MiB |    3.97 MiB |   47.27 MiB |    4.59 kbit/s
     2025-04-16    43.03 MiB |    3.83 MiB |   46.86 MiB |    4.55 kbit/s
     2025-04-17    42.93 MiB |    3.73 MiB |   46.66 MiB |    4.55 kbit/s
     ------------------------+-------------+-------------+---------------
      estimated    43.01 MiB |    3.71 MiB |   46.72 MiB |
---------------------------------
Fri Apr 18 23:55:01 UTC 2025: Network usage for interface eth0

 eth0  /  daily

          day        rx      |     tx      |    total    |   avg. rate
     ------------------------+-------------+-------------+---------------
     2025-03-20    25.95 MiB |    2.43 MiB |   28.38 MiB |    2.75 kbit/s
     2025-03-21    42.33 MiB |    3.93 MiB |   46.26 MiB |    4.49 kbit/s
     2025-03-22    42.71 MiB |    3.91 MiB |   46.62 MiB |    4.53 kbit/s
     2025-03-23    42.52 MiB |    3.93 MiB |   46.45 MiB |    4.51 kbit/s
     2025-03-24    39.88 MiB |    3.82 MiB |   43.71 MiB |    4.24 kbit/s
     2025-03-25    42.36 MiB |    3.98 MiB |   46.35 MiB |    4.50 kbit/s
     2025-03-26    42.35 MiB |    3.97 MiB |   46.32 MiB |    4.50 kbit/s
     2025-03-27    42.49 MiB |    4.06 MiB |   46.55 MiB |    4.52 kbit/s
     2025-03-28    32.26 MiB |    3.31 MiB |   35.56 MiB |    3.45 kbit/s
     2025-03-29    39.47 MiB |    3.90 MiB |   43.36 MiB |    4.21 kbit/s
     2025-03-30    39.58 MiB |    4.00 MiB |   43.58 MiB |    4.23 kbit/s
     2025-03-31    42.10 MiB |    4.18 MiB |   46.28 MiB |    4.49 kbit/s
     2025-04-01    41.33 MiB |    3.96 MiB |   45.29 MiB |    4.40 kbit/s
     2025-04-02    41.94 MiB |    3.79 MiB |   45.72 MiB |    4.44 kbit/s
     2025-04-03    37.91 MiB |    3.57 MiB |   41.47 MiB |    4.03 kbit/s
     2025-04-04    43.55 MiB |    3.98 MiB |   47.53 MiB |    4.61 kbit/s
     2025-04-05    42.33 MiB |    3.88 MiB |   46.21 MiB |    4.49 kbit/s
     2025-04-06    42.93 MiB |    4.13 MiB |   47.06 MiB |    4.57 kbit/s
     2025-04-07    43.18 MiB |    3.85 MiB |   47.03 MiB |    4.57 kbit/s
     2025-04-08     4.04 GiB |    4.00 GiB |    8.04 GiB |  799.81 kbit/s
     2025-04-09    43.31 MiB |    3.93 MiB |   47.25 MiB |    4.59 kbit/s
     2025-04-10    43.00 MiB |    3.90 MiB |   46.90 MiB |    4.55 kbit/s
     2025-04-11    43.53 MiB |    3.91 MiB |   47.44 MiB |    4.61 kbit/s
     2025-04-12    25.62 MiB |    2.27 MiB |   27.89 MiB |    2.71 kbit/s
     2025-04-13    31.43 MiB |    2.84 MiB |   34.28 MiB |    3.33 kbit/s
     2025-04-14    42.87 MiB |    4.07 MiB |   46.94 MiB |    4.56 kbit/s
     2025-04-15    43.30 MiB |    3.97 MiB |   47.27 MiB |    4.59 kbit/s
     2025-04-16    43.03 MiB |    3.83 MiB |   46.86 MiB |    4.55 kbit/s
     2025-04-17    42.93 MiB |    3.73 MiB |   46.66 MiB |    4.53 kbit/s
     2025-04-18    43.33 MiB |    3.82 MiB |   47.16 MiB |    4.59 kbit/s
     ------------------------+-------------+-------------+---------------
      estimated    43.42 MiB |    3.79 MiB |   47.21 MiB |
---------------------------------
Sat Apr 19 23:55:01 UTC 2025: Network usage for interface eth0

 eth0  /  daily

          day        rx      |     tx      |    total    |   avg. rate
     ------------------------+-------------+-------------+---------------
     2025-03-21    42.33 MiB |    3.93 MiB |   46.26 MiB |    4.49 kbit/s
     2025-03-22    42.71 MiB |    3.91 MiB |   46.62 MiB |    4.53 kbit/s
     2025-03-23    42.52 MiB |    3.93 MiB |   46.45 MiB |    4.51 kbit/s
     2025-03-24    39.88 MiB |    3.82 MiB |   43.71 MiB |    4.24 kbit/s
     2025-03-25    42.36 MiB |    3.98 MiB |   46.35 MiB |    4.50 kbit/s
     2025-03-26    42.35 MiB |    3.97 MiB |   46.32 MiB |    4.50 kbit/s
     2025-03-27    42.49 MiB |    4.06 MiB |   46.55 MiB |    4.52 kbit/s
     2025-03-28    32.26 MiB |    3.31 MiB |   35.56 MiB |    3.45 kbit/s
     2025-03-29    39.47 MiB |    3.90 MiB |   43.36 MiB |    4.21 kbit/s
     2025-03-30    39.58 MiB |    4.00 MiB |   43.58 MiB |    4.23 kbit/s
     2025-03-31    42.10 MiB |    4.18 MiB |   46.28 MiB |    4.49 kbit/s
     2025-04-01    41.33 MiB |    3.96 MiB |   45.29 MiB |    4.40 kbit/s
     2025-04-02    41.94 MiB |    3.79 MiB |   45.72 MiB |    4.44 kbit/s
     2025-04-03    37.91 MiB |    3.57 MiB |   41.47 MiB |    4.03 kbit/s
     2025-04-04    43.55 MiB |    3.98 MiB |   47.53 MiB |    4.61 kbit/s
     2025-04-05    42.33 MiB |    3.88 MiB |   46.21 MiB |    4.49 kbit/s
     2025-04-06    42.93 MiB |    4.13 MiB |   47.06 MiB |    4.57 kbit/s
     2025-04-07    43.18 MiB |    3.85 MiB |   47.03 MiB |    4.57 kbit/s
     2025-04-08     4.04 GiB |    4.00 GiB |    8.04 GiB |  799.81 kbit/s
     2025-04-09    43.31 MiB |    3.93 MiB |   47.25 MiB |    4.59 kbit/s
     2025-04-10    43.00 MiB |    3.90 MiB |   46.90 MiB |    4.55 kbit/s
     2025-04-11    43.53 MiB |    3.91 MiB |   47.44 MiB |    4.61 kbit/s
     2025-04-12    25.62 MiB |    2.27 MiB |   27.89 MiB |    2.71 kbit/s
     2025-04-13    31.43 MiB |    2.84 MiB |   34.28 MiB |    3.33 kbit/s
     2025-04-14    42.87 MiB |    4.07 MiB |   46.94 MiB |    4.56 kbit/s
     2025-04-15    43.30 MiB |    3.97 MiB |   47.27 MiB |    4.59 kbit/s
     2025-04-16    43.03 MiB |    3.83 MiB |   46.86 MiB |    4.55 kbit/s
     2025-04-17    42.93 MiB |    3.73 MiB |   46.66 MiB |    4.53 kbit/s
     2025-04-18    43.33 MiB |    3.82 MiB |   47.16 MiB |    4.58 kbit/s
     2025-04-19    43.22 MiB |    3.89 MiB |   47.11 MiB |    4.59 kbit/s
     ------------------------+-------------+-------------+---------------
      estimated    43.34 MiB |    3.87 MiB |   47.21 MiB |
---------------------------------
Sun Apr 20 23:55:01 UTC 2025: Network usage for interface eth0

 eth0  /  daily

          day        rx      |     tx      |    total    |   avg. rate
     ------------------------+-------------+-------------+---------------
     2025-03-22    42.71 MiB |    3.91 MiB |   46.62 MiB |    4.53 kbit/s
     2025-03-23    42.52 MiB |    3.93 MiB |   46.45 MiB |    4.51 kbit/s
     2025-03-24    39.88 MiB |    3.82 MiB |   43.71 MiB |    4.24 kbit/s
     2025-03-25    42.36 MiB |    3.98 MiB |   46.35 MiB |    4.50 kbit/s
     2025-03-26    42.35 MiB |    3.97 MiB |   46.32 MiB |    4.50 kbit/s
     2025-03-27    42.49 MiB |    4.06 MiB |   46.55 MiB |    4.52 kbit/s
     2025-03-28    32.26 MiB |    3.31 MiB |   35.56 MiB |    3.45 kbit/s
     2025-03-29    39.47 MiB |    3.90 MiB |   43.36 MiB |    4.21 kbit/s
     2025-03-30    39.58 MiB |    4.00 MiB |   43.58 MiB |    4.23 kbit/s
     2025-03-31    42.10 MiB |    4.18 MiB |   46.28 MiB |    4.49 kbit/s
     2025-04-01    41.33 MiB |    3.96 MiB |   45.29 MiB |    4.40 kbit/s
     2025-04-02    41.94 MiB |    3.79 MiB |   45.72 MiB |    4.44 kbit/s
     2025-04-03    37.91 MiB |    3.57 MiB |   41.47 MiB |    4.03 kbit/s
     2025-04-04    43.55 MiB |    3.98 MiB |   47.53 MiB |    4.61 kbit/s
     2025-04-05    42.33 MiB |    3.88 MiB |   46.21 MiB |    4.49 kbit/s
     2025-04-06    42.93 MiB |    4.13 MiB |   47.06 MiB |    4.57 kbit/s
     2025-04-07    43.18 MiB |    3.85 MiB |   47.03 MiB |    4.57 kbit/s
     2025-04-08     4.04 GiB |    4.00 GiB |    8.04 GiB |  799.81 kbit/s
     2025-04-09    43.31 MiB |    3.93 MiB |   47.25 MiB |    4.59 kbit/s
     2025-04-10    43.00 MiB |    3.90 MiB |   46.90 MiB |    4.55 kbit/s
     2025-04-11    43.53 MiB |    3.91 MiB |   47.44 MiB |    4.61 kbit/s
     2025-04-12    25.62 MiB |    2.27 MiB |   27.89 MiB |    2.71 kbit/s
     2025-04-13    31.43 MiB |    2.84 MiB |   34.28 MiB |    3.33 kbit/s
     2025-04-14    42.87 MiB |    4.07 MiB |   46.94 MiB |    4.56 kbit/s
     2025-04-15    43.30 MiB |    3.97 MiB |   47.27 MiB |    4.59 kbit/s
     2025-04-16    43.03 MiB |    3.83 MiB |   46.86 MiB |    4.55 kbit/s
     2025-04-17    42.93 MiB |    3.73 MiB |   46.66 MiB |    4.53 kbit/s
     2025-04-18    43.33 MiB |    3.82 MiB |   47.16 MiB |    4.58 kbit/s
     2025-04-19    43.22 MiB |    3.89 MiB |   47.11 MiB |    4.57 kbit/s
     2025-04-20    42.66 MiB |    3.83 MiB |   46.48 MiB |    4.53 kbit/s
     ------------------------+-------------+-------------+---------------
      estimated    42.76 MiB |    3.79 MiB |   46.55 MiB |
---------------------------------
Mon Apr 21 23:55:01 UTC 2025: Network usage for interface eth0

 eth0  /  daily

          day        rx      |     tx      |    total    |   avg. rate
     ------------------------+-------------+-------------+---------------
     2025-03-23    42.52 MiB |    3.93 MiB |   46.45 MiB |    4.51 kbit/s
     2025-03-24    39.88 MiB |    3.82 MiB |   43.71 MiB |    4.24 kbit/s
     2025-03-25    42.36 MiB |    3.98 MiB |   46.35 MiB |    4.50 kbit/s
     2025-03-26    42.35 MiB |    3.97 MiB |   46.32 MiB |    4.50 kbit/s
     2025-03-27    42.49 MiB |    4.06 MiB |   46.55 MiB |    4.52 kbit/s
     2025-03-28    32.26 MiB |    3.31 MiB |   35.56 MiB |    3.45 kbit/s
     2025-03-29    39.47 MiB |    3.90 MiB |   43.36 MiB |    4.21 kbit/s
     2025-03-30    39.58 MiB |    4.00 MiB |   43.58 MiB |    4.23 kbit/s
     2025-03-31    42.10 MiB |    4.18 MiB |   46.28 MiB |    4.49 kbit/s
     2025-04-01    41.33 MiB |    3.96 MiB |   45.29 MiB |    4.40 kbit/s
     2025-04-02    41.94 MiB |    3.79 MiB |   45.72 MiB |    4.44 kbit/s
     2025-04-03    37.91 MiB |    3.57 MiB |   41.47 MiB |    4.03 kbit/s
     2025-04-04    43.55 MiB |    3.98 MiB |   47.53 MiB |    4.61 kbit/s
     2025-04-05    42.33 MiB |    3.88 MiB |   46.21 MiB |    4.49 kbit/s
     2025-04-06    42.93 MiB |    4.13 MiB |   47.06 MiB |    4.57 kbit/s
     2025-04-07    43.18 MiB |    3.85 MiB |   47.03 MiB |    4.57 kbit/s
     2025-04-08     4.04 GiB |    4.00 GiB |    8.04 GiB |  799.81 kbit/s
     2025-04-09    43.31 MiB |    3.93 MiB |   47.25 MiB |    4.59 kbit/s
     2025-04-10    43.00 MiB |    3.90 MiB |   46.90 MiB |    4.55 kbit/s
     2025-04-11    43.53 MiB |    3.91 MiB |   47.44 MiB |    4.61 kbit/s
     2025-04-12    25.62 MiB |    2.27 MiB |   27.89 MiB |    2.71 kbit/s
     2025-04-13    31.43 MiB |    2.84 MiB |   34.28 MiB |    3.33 kbit/s
     2025-04-14    42.87 MiB |    4.07 MiB |   46.94 MiB |    4.56 kbit/s
     2025-04-15    43.30 MiB |    3.97 MiB |   47.27 MiB |    4.59 kbit/s
     2025-04-16    43.03 MiB |    3.83 MiB |   46.86 MiB |    4.55 kbit/s
     2025-04-17    42.93 MiB |    3.73 MiB |   46.66 MiB |    4.53 kbit/s
     2025-04-18    43.33 MiB |    3.82 MiB |   47.16 MiB |    4.58 kbit/s
     2025-04-19    43.22 MiB |    3.89 MiB |   47.11 MiB |    4.57 kbit/s
     2025-04-20    42.66 MiB |    3.83 MiB |   46.48 MiB |    4.51 kbit/s
     2025-04-21    44.24 MiB |    3.88 MiB |   48.12 MiB |    4.69 kbit/s
     ------------------------+-------------+-------------+---------------
      estimated    44.33 MiB |    3.87 MiB |   48.20 MiB |
---------------------------------
Tue Apr 22 23:55:01 UTC 2025: Network usage for interface eth0

 eth0  /  daily

          day        rx      |     tx      |    total    |   avg. rate
     ------------------------+-------------+-------------+---------------
     2025-03-24    39.88 MiB |    3.82 MiB |   43.71 MiB |    4.24 kbit/s
     2025-03-25    42.36 MiB |    3.98 MiB |   46.35 MiB |    4.50 kbit/s
     2025-03-26    42.35 MiB |    3.97 MiB |   46.32 MiB |    4.50 kbit/s
     2025-03-27    42.49 MiB |    4.06 MiB |   46.55 MiB |    4.52 kbit/s
     2025-03-28    32.26 MiB |    3.31 MiB |   35.56 MiB |    3.45 kbit/s
     2025-03-29    39.47 MiB |    3.90 MiB |   43.36 MiB |    4.21 kbit/s
     2025-03-30    39.58 MiB |    4.00 MiB |   43.58 MiB |    4.23 kbit/s
     2025-03-31    42.10 MiB |    4.18 MiB |   46.28 MiB |    4.49 kbit/s
     2025-04-01    41.33 MiB |    3.96 MiB |   45.29 MiB |    4.40 kbit/s
     2025-04-02    41.94 MiB |    3.79 MiB |   45.72 MiB |    4.44 kbit/s
     2025-04-03    37.91 MiB |    3.57 MiB |   41.47 MiB |    4.03 kbit/s
     2025-04-04    43.55 MiB |    3.98 MiB |   47.53 MiB |    4.61 kbit/s
     2025-04-05    42.33 MiB |    3.88 MiB |   46.21 MiB |    4.49 kbit/s
     2025-04-06    42.93 MiB |    4.13 MiB |   47.06 MiB |    4.57 kbit/s
     2025-04-07    43.18 MiB |    3.85 MiB |   47.03 MiB |    4.57 kbit/s
     2025-04-08     4.04 GiB |    4.00 GiB |    8.04 GiB |  799.81 kbit/s
     2025-04-09    43.31 MiB |    3.93 MiB |   47.25 MiB |    4.59 kbit/s
     2025-04-10    43.00 MiB |    3.90 MiB |   46.90 MiB |    4.55 kbit/s
     2025-04-11    43.53 MiB |    3.91 MiB |   47.44 MiB |    4.61 kbit/s
     2025-04-12    25.62 MiB |    2.27 MiB |   27.89 MiB |    2.71 kbit/s
     2025-04-13    31.43 MiB |    2.84 MiB |   34.28 MiB |    3.33 kbit/s
     2025-04-14    42.87 MiB |    4.07 MiB |   46.94 MiB |    4.56 kbit/s
     2025-04-15    43.30 MiB |    3.97 MiB |   47.27 MiB |    4.59 kbit/s
     2025-04-16    43.03 MiB |    3.83 MiB |   46.86 MiB |    4.55 kbit/s
     2025-04-17    42.93 MiB |    3.73 MiB |   46.66 MiB |    4.53 kbit/s
     2025-04-18    43.33 MiB |    3.82 MiB |   47.16 MiB |    4.58 kbit/s
     2025-04-19    43.22 MiB |    3.89 MiB |   47.11 MiB |    4.57 kbit/s
     2025-04-20    42.66 MiB |    3.83 MiB |   46.48 MiB |    4.51 kbit/s
     2025-04-21    44.24 MiB |    3.88 MiB |   48.12 MiB |    4.67 kbit/s
     2025-04-22    42.11 MiB |    3.99 MiB |   46.09 MiB |    4.49 kbit/s
     ------------------------+-------------+-------------+---------------
      estimated    42.19 MiB |    3.96 MiB |   46.14 MiB |
---------------------------------
Wed Apr 23 23:55:01 UTC 2025: Network usage for interface eth0

 eth0  /  daily

          day        rx      |     tx      |    total    |   avg. rate
     ------------------------+-------------+-------------+---------------
     2025-03-25    42.36 MiB |    3.98 MiB |   46.35 MiB |    4.50 kbit/s
     2025-03-26    42.35 MiB |    3.97 MiB |   46.32 MiB |    4.50 kbit/s
     2025-03-27    42.49 MiB |    4.06 MiB |   46.55 MiB |    4.52 kbit/s
     2025-03-28    32.26 MiB |    3.31 MiB |   35.56 MiB |    3.45 kbit/s
     2025-03-29    39.47 MiB |    3.90 MiB |   43.36 MiB |    4.21 kbit/s
     2025-03-30    39.58 MiB |    4.00 MiB |   43.58 MiB |    4.23 kbit/s
     2025-03-31    42.10 MiB |    4.18 MiB |   46.28 MiB |    4.49 kbit/s
     2025-04-01    41.33 MiB |    3.96 MiB |   45.29 MiB |    4.40 kbit/s
     2025-04-02    41.94 MiB |    3.79 MiB |   45.72 MiB |    4.44 kbit/s
     2025-04-03    37.91 MiB |    3.57 MiB |   41.47 MiB |    4.03 kbit/s
     2025-04-04    43.55 MiB |    3.98 MiB |   47.53 MiB |    4.61 kbit/s
     2025-04-05    42.33 MiB |    3.88 MiB |   46.21 MiB |    4.49 kbit/s
     2025-04-06    42.93 MiB |    4.13 MiB |   47.06 MiB |    4.57 kbit/s
     2025-04-07    43.18 MiB |    3.85 MiB |   47.03 MiB |    4.57 kbit/s
     2025-04-08     4.04 GiB |    4.00 GiB |    8.04 GiB |  799.81 kbit/s
     2025-04-09    43.31 MiB |    3.93 MiB |   47.25 MiB |    4.59 kbit/s
     2025-04-10    43.00 MiB |    3.90 MiB |   46.90 MiB |    4.55 kbit/s
     2025-04-11    43.53 MiB |    3.91 MiB |   47.44 MiB |    4.61 kbit/s
     2025-04-12    25.62 MiB |    2.27 MiB |   27.89 MiB |    2.71 kbit/s
     2025-04-13    31.43 MiB |    2.84 MiB |   34.28 MiB |    3.33 kbit/s
     2025-04-14    42.87 MiB |    4.07 MiB |   46.94 MiB |    4.56 kbit/s
     2025-04-15    43.30 MiB |    3.97 MiB |   47.27 MiB |    4.59 kbit/s
     2025-04-16    43.03 MiB |    3.83 MiB |   46.86 MiB |    4.55 kbit/s
     2025-04-17    42.93 MiB |    3.73 MiB |   46.66 MiB |    4.53 kbit/s
     2025-04-18    43.33 MiB |    3.82 MiB |   47.16 MiB |    4.58 kbit/s
     2025-04-19    43.22 MiB |    3.89 MiB |   47.11 MiB |    4.57 kbit/s
     2025-04-20    42.66 MiB |    3.83 MiB |   46.48 MiB |    4.51 kbit/s
     2025-04-21    44.24 MiB |    3.88 MiB |   48.12 MiB |    4.67 kbit/s
     2025-04-22    42.11 MiB |    3.99 MiB |   46.09 MiB |    4.47 kbit/s
     2025-04-23    38.26 MiB |    3.44 MiB |   41.70 MiB |    4.06 kbit/s
     ------------------------+-------------+-------------+---------------
      estimated    38.40 MiB |    3.38 MiB |   41.78 MiB |
---------------------------------
Thu Apr 24 23:55:01 UTC 2025: Network usage for interface eth0

 eth0  /  daily

          day        rx      |     tx      |    total    |   avg. rate
     ------------------------+-------------+-------------+---------------
     2025-03-26    42.35 MiB |    3.97 MiB |   46.32 MiB |    4.50 kbit/s
     2025-03-27    42.49 MiB |    4.06 MiB |   46.55 MiB |    4.52 kbit/s
     2025-03-28    32.26 MiB |    3.31 MiB |   35.56 MiB |    3.45 kbit/s
     2025-03-29    39.47 MiB |    3.90 MiB |   43.36 MiB |    4.21 kbit/s
     2025-03-30    39.58 MiB |    4.00 MiB |   43.58 MiB |    4.23 kbit/s
     2025-03-31    42.10 MiB |    4.18 MiB |   46.28 MiB |    4.49 kbit/s
     2025-04-01    41.33 MiB |    3.96 MiB |   45.29 MiB |    4.40 kbit/s
     2025-04-02    41.94 MiB |    3.79 MiB |   45.72 MiB |    4.44 kbit/s
     2025-04-03    37.91 MiB |    3.57 MiB |   41.47 MiB |    4.03 kbit/s
     2025-04-04    43.55 MiB |    3.98 MiB |   47.53 MiB |    4.61 kbit/s
     2025-04-05    42.33 MiB |    3.88 MiB |   46.21 MiB |    4.49 kbit/s
     2025-04-06    42.93 MiB |    4.13 MiB |   47.06 MiB |    4.57 kbit/s
     2025-04-07    43.18 MiB |    3.85 MiB |   47.03 MiB |    4.57 kbit/s
     2025-04-08     4.04 GiB |    4.00 GiB |    8.04 GiB |  799.81 kbit/s
     2025-04-09    43.31 MiB |    3.93 MiB |   47.25 MiB |    4.59 kbit/s
     2025-04-10    43.00 MiB |    3.90 MiB |   46.90 MiB |    4.55 kbit/s
     2025-04-11    43.53 MiB |    3.91 MiB |   47.44 MiB |    4.61 kbit/s
     2025-04-12    25.62 MiB |    2.27 MiB |   27.89 MiB |    2.71 kbit/s
     2025-04-13    31.43 MiB |    2.84 MiB |   34.28 MiB |    3.33 kbit/s
     2025-04-14    42.87 MiB |    4.07 MiB |   46.94 MiB |    4.56 kbit/s
     2025-04-15    43.30 MiB |    3.97 MiB |   47.27 MiB |    4.59 kbit/s
     2025-04-16    43.03 MiB |    3.83 MiB |   46.86 MiB |    4.55 kbit/s
     2025-04-17    42.93 MiB |    3.73 MiB |   46.66 MiB |    4.53 kbit/s
     2025-04-18    43.33 MiB |    3.82 MiB |   47.16 MiB |    4.58 kbit/s
     2025-04-19    43.22 MiB |    3.89 MiB |   47.11 MiB |    4.57 kbit/s
     2025-04-20    42.66 MiB |    3.83 MiB |   46.48 MiB |    4.51 kbit/s
     2025-04-21    44.24 MiB |    3.88 MiB |   48.12 MiB |    4.67 kbit/s
     2025-04-22    42.11 MiB |    3.99 MiB |   46.09 MiB |    4.47 kbit/s
     2025-04-23    38.26 MiB |    3.44 MiB |   41.70 MiB |    4.05 kbit/s
     2025-04-24    41.32 MiB |    4.03 MiB |   45.35 MiB |    4.42 kbit/s
     ------------------------+-------------+-------------+---------------
      estimated    41.45 MiB |    4.04 MiB |   45.48 MiB |
---------------------------------
Fri Apr 25 23:55:01 UTC 2025: Network usage for interface eth0

 eth0  /  daily

          day        rx      |     tx      |    total    |   avg. rate
     ------------------------+-------------+-------------+---------------
     2025-03-27    42.49 MiB |    4.06 MiB |   46.55 MiB |    4.52 kbit/s
     2025-03-28    32.26 MiB |    3.31 MiB |   35.56 MiB |    3.45 kbit/s
     2025-03-29    39.47 MiB |    3.90 MiB |   43.36 MiB |    4.21 kbit/s
     2025-03-30    39.58 MiB |    4.00 MiB |   43.58 MiB |    4.23 kbit/s
     2025-03-31    42.10 MiB |    4.18 MiB |   46.28 MiB |    4.49 kbit/s
     2025-04-01    41.33 MiB |    3.96 MiB |   45.29 MiB |    4.40 kbit/s
     2025-04-02    41.94 MiB |    3.79 MiB |   45.72 MiB |    4.44 kbit/s
     2025-04-03    37.91 MiB |    3.57 MiB |   41.47 MiB |    4.03 kbit/s
     2025-04-04    43.55 MiB |    3.98 MiB |   47.53 MiB |    4.61 kbit/s
     2025-04-05    42.33 MiB |    3.88 MiB |   46.21 MiB |    4.49 kbit/s
     2025-04-06    42.93 MiB |    4.13 MiB |   47.06 MiB |    4.57 kbit/s
     2025-04-07    43.18 MiB |    3.85 MiB |   47.03 MiB |    4.57 kbit/s
     2025-04-08     4.04 GiB |    4.00 GiB |    8.04 GiB |  799.81 kbit/s
     2025-04-09    43.31 MiB |    3.93 MiB |   47.25 MiB |    4.59 kbit/s
     2025-04-10    43.00 MiB |    3.90 MiB |   46.90 MiB |    4.55 kbit/s
     2025-04-11    43.53 MiB |    3.91 MiB |   47.44 MiB |    4.61 kbit/s
     2025-04-12    25.62 MiB |    2.27 MiB |   27.89 MiB |    2.71 kbit/s
     2025-04-13    31.43 MiB |    2.84 MiB |   34.28 MiB |    3.33 kbit/s
     2025-04-14    42.87 MiB |    4.07 MiB |   46.94 MiB |    4.56 kbit/s
     2025-04-15    43.30 MiB |    3.97 MiB |   47.27 MiB |    4.59 kbit/s
     2025-04-16    43.03 MiB |    3.83 MiB |   46.86 MiB |    4.55 kbit/s
     2025-04-17    42.93 MiB |    3.73 MiB |   46.66 MiB |    4.53 kbit/s
     2025-04-18    43.33 MiB |    3.82 MiB |   47.16 MiB |    4.58 kbit/s
     2025-04-19    43.22 MiB |    3.89 MiB |   47.11 MiB |    4.57 kbit/s
     2025-04-20    42.66 MiB |    3.83 MiB |   46.48 MiB |    4.51 kbit/s
     2025-04-21    44.24 MiB |    3.88 MiB |   48.12 MiB |    4.67 kbit/s
     2025-04-22    42.11 MiB |    3.99 MiB |   46.09 MiB |    4.47 kbit/s
     2025-04-23    38.26 MiB |    3.44 MiB |   41.70 MiB |    4.05 kbit/s
     2025-04-24    41.32 MiB |    4.03 MiB |   45.35 MiB |    4.40 kbit/s
     2025-04-25    43.02 MiB |    3.83 MiB |   46.84 MiB |    4.56 kbit/s
     ------------------------+-------------+-------------+---------------
      estimated    43.09 MiB |    3.79 MiB |   46.88 MiB |
---------------------------------
Sat Apr 26 23:55:01 UTC 2025: Network usage for interface eth0

 eth0  /  daily

          day        rx      |     tx      |    total    |   avg. rate
     ------------------------+-------------+-------------+---------------
     2025-03-28    32.26 MiB |    3.31 MiB |   35.56 MiB |    3.45 kbit/s
     2025-03-29    39.47 MiB |    3.90 MiB |   43.36 MiB |    4.21 kbit/s
     2025-03-30    39.58 MiB |    4.00 MiB |   43.58 MiB |    4.23 kbit/s
     2025-03-31    42.10 MiB |    4.18 MiB |   46.28 MiB |    4.49 kbit/s
     2025-04-01    41.33 MiB |    3.96 MiB |   45.29 MiB |    4.40 kbit/s
     2025-04-02    41.94 MiB |    3.79 MiB |   45.72 MiB |    4.44 kbit/s
     2025-04-03    37.91 MiB |    3.57 MiB |   41.47 MiB |    4.03 kbit/s
     2025-04-04    43.55 MiB |    3.98 MiB |   47.53 MiB |    4.61 kbit/s
     2025-04-05    42.33 MiB |    3.88 MiB |   46.21 MiB |    4.49 kbit/s
     2025-04-06    42.93 MiB |    4.13 MiB |   47.06 MiB |    4.57 kbit/s
     2025-04-07    43.18 MiB |    3.85 MiB |   47.03 MiB |    4.57 kbit/s
     2025-04-08     4.04 GiB |    4.00 GiB |    8.04 GiB |  799.81 kbit/s
     2025-04-09    43.31 MiB |    3.93 MiB |   47.25 MiB |    4.59 kbit/s
     2025-04-10    43.00 MiB |    3.90 MiB |   46.90 MiB |    4.55 kbit/s
     2025-04-11    43.53 MiB |    3.91 MiB |   47.44 MiB |    4.61 kbit/s
     2025-04-12    25.62 MiB |    2.27 MiB |   27.89 MiB |    2.71 kbit/s
     2025-04-13    31.43 MiB |    2.84 MiB |   34.28 MiB |    3.33 kbit/s
     2025-04-14    42.87 MiB |    4.07 MiB |   46.94 MiB |    4.56 kbit/s
     2025-04-15    43.30 MiB |    3.97 MiB |   47.27 MiB |    4.59 kbit/s
     2025-04-16    43.03 MiB |    3.83 MiB |   46.86 MiB |    4.55 kbit/s
     2025-04-17    42.93 MiB |    3.73 MiB |   46.66 MiB |    4.53 kbit/s
     2025-04-18    43.33 MiB |    3.82 MiB |   47.16 MiB |    4.58 kbit/s
     2025-04-19    43.22 MiB |    3.89 MiB |   47.11 MiB |    4.57 kbit/s
     2025-04-20    42.66 MiB |    3.83 MiB |   46.48 MiB |    4.51 kbit/s
     2025-04-21    44.24 MiB |    3.88 MiB |   48.12 MiB |    4.67 kbit/s
     2025-04-22    42.11 MiB |    3.99 MiB |   46.09 MiB |    4.47 kbit/s
     2025-04-23    38.26 MiB |    3.44 MiB |   41.70 MiB |    4.05 kbit/s
     2025-04-24    41.32 MiB |    4.03 MiB |   45.35 MiB |    4.40 kbit/s
     2025-04-25    43.02 MiB |    3.83 MiB |   46.84 MiB |    4.55 kbit/s
     2025-04-26    40.61 MiB |    3.50 MiB |   44.10 MiB |    4.30 kbit/s
     ------------------------+-------------+-------------+---------------
      estimated    40.70 MiB |    3.46 MiB |   44.17 MiB |
---------------------------------
Sun Apr 27 23:55:01 UTC 2025: Network usage for interface eth0

 eth0  /  daily

          day        rx      |     tx      |    total    |   avg. rate
     ------------------------+-------------+-------------+---------------
     2025-03-29    39.47 MiB |    3.90 MiB |   43.36 MiB |    4.21 kbit/s
     2025-03-30    39.58 MiB |    4.00 MiB |   43.58 MiB |    4.23 kbit/s
     2025-03-31    42.10 MiB |    4.18 MiB |   46.28 MiB |    4.49 kbit/s
     2025-04-01    41.33 MiB |    3.96 MiB |   45.29 MiB |    4.40 kbit/s
     2025-04-02    41.94 MiB |    3.79 MiB |   45.72 MiB |    4.44 kbit/s
     2025-04-03    37.91 MiB |    3.57 MiB |   41.47 MiB |    4.03 kbit/s
     2025-04-04    43.55 MiB |    3.98 MiB |   47.53 MiB |    4.61 kbit/s
     2025-04-05    42.33 MiB |    3.88 MiB |   46.21 MiB |    4.49 kbit/s
     2025-04-06    42.93 MiB |    4.13 MiB |   47.06 MiB |    4.57 kbit/s
     2025-04-07    43.18 MiB |    3.85 MiB |   47.03 MiB |    4.57 kbit/s
     2025-04-08     4.04 GiB |    4.00 GiB |    8.04 GiB |  799.81 kbit/s
     2025-04-09    43.31 MiB |    3.93 MiB |   47.25 MiB |    4.59 kbit/s
     2025-04-10    43.00 MiB |    3.90 MiB |   46.90 MiB |    4.55 kbit/s
     2025-04-11    43.53 MiB |    3.91 MiB |   47.44 MiB |    4.61 kbit/s
     2025-04-12    25.62 MiB |    2.27 MiB |   27.89 MiB |    2.71 kbit/s
     2025-04-13    31.43 MiB |    2.84 MiB |   34.28 MiB |    3.33 kbit/s
     2025-04-14    42.87 MiB |    4.07 MiB |   46.94 MiB |    4.56 kbit/s
     2025-04-15    43.30 MiB |    3.97 MiB |   47.27 MiB |    4.59 kbit/s
     2025-04-16    43.03 MiB |    3.83 MiB |   46.86 MiB |    4.55 kbit/s
     2025-04-17    42.93 MiB |    3.73 MiB |   46.66 MiB |    4.53 kbit/s
     2025-04-18    43.33 MiB |    3.82 MiB |   47.16 MiB |    4.58 kbit/s
     2025-04-19    43.22 MiB |    3.89 MiB |   47.11 MiB |    4.57 kbit/s
     2025-04-20    42.66 MiB |    3.83 MiB |   46.48 MiB |    4.51 kbit/s
     2025-04-21    44.24 MiB |    3.88 MiB |   48.12 MiB |    4.67 kbit/s
     2025-04-22    42.11 MiB |    3.99 MiB |   46.09 MiB |    4.47 kbit/s
     2025-04-23    38.26 MiB |    3.44 MiB |   41.70 MiB |    4.05 kbit/s
     2025-04-24    41.32 MiB |    4.03 MiB |   45.35 MiB |    4.40 kbit/s
     2025-04-25    43.02 MiB |    3.83 MiB |   46.84 MiB |    4.55 kbit/s
     2025-04-26    40.61 MiB |    3.50 MiB |   44.10 MiB |    4.28 kbit/s
     2025-04-27    43.54 MiB |    3.88 MiB |   47.42 MiB |    4.62 kbit/s
     ------------------------+-------------+-------------+---------------
      estimated    43.67 MiB |    3.87 MiB |   47.54 MiB |
---------------------------------
Mon Apr 28 23:55:01 UTC 2025: Network usage for interface eth0

 eth0  /  daily

          day        rx      |     tx      |    total    |   avg. rate
     ------------------------+-------------+-------------+---------------
     2025-03-30    39.58 MiB |    4.00 MiB |   43.58 MiB |    4.23 kbit/s
     2025-03-31    42.10 MiB |    4.18 MiB |   46.28 MiB |    4.49 kbit/s
     2025-04-01    41.33 MiB |    3.96 MiB |   45.29 MiB |    4.40 kbit/s
     2025-04-02    41.94 MiB |    3.79 MiB |   45.72 MiB |    4.44 kbit/s
     2025-04-03    37.91 MiB |    3.57 MiB |   41.47 MiB |    4.03 kbit/s
     2025-04-04    43.55 MiB |    3.98 MiB |   47.53 MiB |    4.61 kbit/s
     2025-04-05    42.33 MiB |    3.88 MiB |   46.21 MiB |    4.49 kbit/s
     2025-04-06    42.93 MiB |    4.13 MiB |   47.06 MiB |    4.57 kbit/s
     2025-04-07    43.18 MiB |    3.85 MiB |   47.03 MiB |    4.57 kbit/s
     2025-04-08     4.04 GiB |    4.00 GiB |    8.04 GiB |  799.81 kbit/s
     2025-04-09    43.31 MiB |    3.93 MiB |   47.25 MiB |    4.59 kbit/s
     2025-04-10    43.00 MiB |    3.90 MiB |   46.90 MiB |    4.55 kbit/s
     2025-04-11    43.53 MiB |    3.91 MiB |   47.44 MiB |    4.61 kbit/s
     2025-04-12    25.62 MiB |    2.27 MiB |   27.89 MiB |    2.71 kbit/s
     2025-04-13    31.43 MiB |    2.84 MiB |   34.28 MiB |    3.33 kbit/s
     2025-04-14    42.87 MiB |    4.07 MiB |   46.94 MiB |    4.56 kbit/s
     2025-04-15    43.30 MiB |    3.97 MiB |   47.27 MiB |    4.59 kbit/s
     2025-04-16    43.03 MiB |    3.83 MiB |   46.86 MiB |    4.55 kbit/s
     2025-04-17    42.93 MiB |    3.73 MiB |   46.66 MiB |    4.53 kbit/s
     2025-04-18    43.33 MiB |    3.82 MiB |   47.16 MiB |    4.58 kbit/s
     2025-04-19    43.22 MiB |    3.89 MiB |   47.11 MiB |    4.57 kbit/s
     2025-04-20    42.66 MiB |    3.83 MiB |   46.48 MiB |    4.51 kbit/s
     2025-04-21    44.24 MiB |    3.88 MiB |   48.12 MiB |    4.67 kbit/s
     2025-04-22    42.11 MiB |    3.99 MiB |   46.09 MiB |    4.47 kbit/s
     2025-04-23    38.26 MiB |    3.44 MiB |   41.70 MiB |    4.05 kbit/s
     2025-04-24    41.32 MiB |    4.03 MiB |   45.35 MiB |    4.40 kbit/s
     2025-04-25    43.02 MiB |    3.83 MiB |   46.84 MiB |    4.55 kbit/s
     2025-04-26    40.61 MiB |    3.50 MiB |   44.10 MiB |    4.28 kbit/s
     2025-04-27    43.54 MiB |    3.88 MiB |   47.42 MiB |    4.60 kbit/s
     2025-04-28    42.24 MiB |    3.76 MiB |   46.00 MiB |    4.48 kbit/s
     ------------------------+-------------+-------------+---------------
      estimated    42.35 MiB |    3.71 MiB |   46.06 MiB |
---------------------------------
Tue Apr 29 23:55:01 UTC 2025: Network usage for interface eth0

 eth0  /  daily

          day        rx      |     tx      |    total    |   avg. rate
     ------------------------+-------------+-------------+---------------
     2025-03-31    42.10 MiB |    4.18 MiB |   46.28 MiB |    4.49 kbit/s
     2025-04-01    41.33 MiB |    3.96 MiB |   45.29 MiB |    4.40 kbit/s
     2025-04-02    41.94 MiB |    3.79 MiB |   45.72 MiB |    4.44 kbit/s
     2025-04-03    37.91 MiB |    3.57 MiB |   41.47 MiB |    4.03 kbit/s
     2025-04-04    43.55 MiB |    3.98 MiB |   47.53 MiB |    4.61 kbit/s
     2025-04-05    42.33 MiB |    3.88 MiB |   46.21 MiB |    4.49 kbit/s
     2025-04-06    42.93 MiB |    4.13 MiB |   47.06 MiB |    4.57 kbit/s
     2025-04-07    43.18 MiB |    3.85 MiB |   47.03 MiB |    4.57 kbit/s
     2025-04-08     4.04 GiB |    4.00 GiB |    8.04 GiB |  799.81 kbit/s
     2025-04-09    43.31 MiB |    3.93 MiB |   47.25 MiB |    4.59 kbit/s
     2025-04-10    43.00 MiB |    3.90 MiB |   46.90 MiB |    4.55 kbit/s
     2025-04-11    43.53 MiB |    3.91 MiB |   47.44 MiB |    4.61 kbit/s
     2025-04-12    25.62 MiB |    2.27 MiB |   27.89 MiB |    2.71 kbit/s
     2025-04-13    31.43 MiB |    2.84 MiB |   34.28 MiB |    3.33 kbit/s
     2025-04-14    42.87 MiB |    4.07 MiB |   46.94 MiB |    4.56 kbit/s
     2025-04-15    43.30 MiB |    3.97 MiB |   47.27 MiB |    4.59 kbit/s
     2025-04-16    43.03 MiB |    3.83 MiB |   46.86 MiB |    4.55 kbit/s
     2025-04-17    42.93 MiB |    3.73 MiB |   46.66 MiB |    4.53 kbit/s
     2025-04-18    43.33 MiB |    3.82 MiB |   47.16 MiB |    4.58 kbit/s
     2025-04-19    43.22 MiB |    3.89 MiB |   47.11 MiB |    4.57 kbit/s
     2025-04-20    42.66 MiB |    3.83 MiB |   46.48 MiB |    4.51 kbit/s
     2025-04-21    44.24 MiB |    3.88 MiB |   48.12 MiB |    4.67 kbit/s
     2025-04-22    42.11 MiB |    3.99 MiB |   46.09 MiB |    4.47 kbit/s
     2025-04-23    38.26 MiB |    3.44 MiB |   41.70 MiB |    4.05 kbit/s
     2025-04-24    41.32 MiB |    4.03 MiB |   45.35 MiB |    4.40 kbit/s
     2025-04-25    43.02 MiB |    3.83 MiB |   46.84 MiB |    4.55 kbit/s
     2025-04-26    40.61 MiB |    3.50 MiB |   44.10 MiB |    4.28 kbit/s
     2025-04-27    43.54 MiB |    3.88 MiB |   47.42 MiB |    4.60 kbit/s
     2025-04-28    42.24 MiB |    3.76 MiB |   46.00 MiB |    4.47 kbit/s
     2025-04-29    43.37 MiB |    4.07 MiB |   47.44 MiB |    4.62 kbit/s
     ------------------------+-------------+-------------+---------------
      estimated    43.51 MiB |    4.04 MiB |   47.54 MiB |
---------------------------------
Wed Apr 30 23:55:01 UTC 2025: Network usage for interface eth0

 eth0  /  daily

          day        rx      |     tx      |    total    |   avg. rate
     ------------------------+-------------+-------------+---------------
     2025-04-01    41.33 MiB |    3.96 MiB |   45.29 MiB |    4.40 kbit/s
     2025-04-02    41.94 MiB |    3.79 MiB |   45.72 MiB |    4.44 kbit/s
     2025-04-03    37.91 MiB |    3.57 MiB |   41.47 MiB |    4.03 kbit/s
     2025-04-04    43.55 MiB |    3.98 MiB |   47.53 MiB |    4.61 kbit/s
     2025-04-05    42.33 MiB |    3.88 MiB |   46.21 MiB |    4.49 kbit/s
     2025-04-06    42.93 MiB |    4.13 MiB |   47.06 MiB |    4.57 kbit/s
     2025-04-07    43.18 MiB |    3.85 MiB |   47.03 MiB |    4.57 kbit/s
     2025-04-08     4.04 GiB |    4.00 GiB |    8.04 GiB |  799.81 kbit/s
     2025-04-09    43.31 MiB |    3.93 MiB |   47.25 MiB |    4.59 kbit/s
     2025-04-10    43.00 MiB |    3.90 MiB |   46.90 MiB |    4.55 kbit/s
     2025-04-11    43.53 MiB |    3.91 MiB |   47.44 MiB |    4.61 kbit/s
     2025-04-12    25.62 MiB |    2.27 MiB |   27.89 MiB |    2.71 kbit/s
     2025-04-13    31.43 MiB |    2.84 MiB |   34.28 MiB |    3.33 kbit/s
     2025-04-14    42.87 MiB |    4.07 MiB |   46.94 MiB |    4.56 kbit/s
     2025-04-15    43.30 MiB |    3.97 MiB |   47.27 MiB |    4.59 kbit/s
     2025-04-16    43.03 MiB |    3.83 MiB |   46.86 MiB |    4.55 kbit/s
     2025-04-17    42.93 MiB |    3.73 MiB |   46.66 MiB |    4.53 kbit/s
     2025-04-18    43.33 MiB |    3.82 MiB |   47.16 MiB |    4.58 kbit/s
     2025-04-19    43.22 MiB |    3.89 MiB |   47.11 MiB |    4.57 kbit/s
     2025-04-20    42.66 MiB |    3.83 MiB |   46.48 MiB |    4.51 kbit/s
     2025-04-21    44.24 MiB |    3.88 MiB |   48.12 MiB |    4.67 kbit/s
     2025-04-22    42.11 MiB |    3.99 MiB |   46.09 MiB |    4.47 kbit/s
     2025-04-23    38.26 MiB |    3.44 MiB |   41.70 MiB |    4.05 kbit/s
     2025-04-24    41.32 MiB |    4.03 MiB |   45.35 MiB |    4.40 kbit/s
     2025-04-25    43.02 MiB |    3.83 MiB |   46.84 MiB |    4.55 kbit/s
     2025-04-26    40.61 MiB |    3.50 MiB |   44.10 MiB |    4.28 kbit/s
     2025-04-27    43.54 MiB |    3.88 MiB |   47.42 MiB |    4.60 kbit/s
     2025-04-28    42.24 MiB |    3.76 MiB |   46.00 MiB |    4.47 kbit/s
     2025-04-29    43.37 MiB |    4.07 MiB |   47.44 MiB |    4.61 kbit/s
     2025-04-30    43.09 MiB |    3.84 MiB |   46.93 MiB |    4.57 kbit/s
     ------------------------+-------------+-------------+---------------
      estimated    43.18 MiB |    3.79 MiB |   46.97 MiB |
---------------------------------
Thu May  1 23:55:01 UTC 2025: Network usage for interface eth0

 eth0  /  daily

          day        rx      |     tx      |    total    |   avg. rate
     ------------------------+-------------+-------------+---------------
     2025-04-02    41.94 MiB |    3.79 MiB |   45.72 MiB |    4.44 kbit/s
     2025-04-03    37.91 MiB |    3.57 MiB |   41.47 MiB |    4.03 kbit/s
     2025-04-04    43.55 MiB |    3.98 MiB |   47.53 MiB |    4.61 kbit/s
     2025-04-05    42.33 MiB |    3.88 MiB |   46.21 MiB |    4.49 kbit/s
     2025-04-06    42.93 MiB |    4.13 MiB |   47.06 MiB |    4.57 kbit/s
     2025-04-07    43.18 MiB |    3.85 MiB |   47.03 MiB |    4.57 kbit/s
     2025-04-08     4.04 GiB |    4.00 GiB |    8.04 GiB |  799.81 kbit/s
     2025-04-09    43.31 MiB |    3.93 MiB |   47.25 MiB |    4.59 kbit/s
     2025-04-10    43.00 MiB |    3.90 MiB |   46.90 MiB |    4.55 kbit/s
     2025-04-11    43.53 MiB |    3.91 MiB |   47.44 MiB |    4.61 kbit/s
     2025-04-12    25.62 MiB |    2.27 MiB |   27.89 MiB |    2.71 kbit/s
     2025-04-13    31.43 MiB |    2.84 MiB |   34.28 MiB |    3.33 kbit/s
     2025-04-14    42.87 MiB |    4.07 MiB |   46.94 MiB |    4.56 kbit/s
     2025-04-15    43.30 MiB |    3.97 MiB |   47.27 MiB |    4.59 kbit/s
     2025-04-16    43.03 MiB |    3.83 MiB |   46.86 MiB |    4.55 kbit/s
     2025-04-17    42.93 MiB |    3.73 MiB |   46.66 MiB |    4.53 kbit/s
     2025-04-18    43.33 MiB |    3.82 MiB |   47.16 MiB |    4.58 kbit/s
     2025-04-19    43.22 MiB |    3.89 MiB |   47.11 MiB |    4.57 kbit/s
     2025-04-20    42.66 MiB |    3.83 MiB |   46.48 MiB |    4.51 kbit/s
     2025-04-21    44.24 MiB |    3.88 MiB |   48.12 MiB |    4.67 kbit/s
     2025-04-22    42.11 MiB |    3.99 MiB |   46.09 MiB |    4.47 kbit/s
     2025-04-23    38.26 MiB |    3.44 MiB |   41.70 MiB |    4.05 kbit/s
     2025-04-24    41.32 MiB |    4.03 MiB |   45.35 MiB |    4.40 kbit/s
     2025-04-25    43.02 MiB |    3.83 MiB |   46.84 MiB |    4.55 kbit/s
     2025-04-26    40.61 MiB |    3.50 MiB |   44.10 MiB |    4.28 kbit/s
     2025-04-27    43.54 MiB |    3.88 MiB |   47.42 MiB |    4.60 kbit/s
     2025-04-28    42.24 MiB |    3.76 MiB |   46.00 MiB |    4.47 kbit/s
     2025-04-29    43.37 MiB |    4.07 MiB |   47.44 MiB |    4.61 kbit/s
     2025-04-30    43.09 MiB |    3.84 MiB |   46.93 MiB |    4.56 kbit/s
     2025-05-01    42.09 MiB |    3.79 MiB |   45.87 MiB |    4.47 kbit/s
     ------------------------+-------------+-------------+---------------
      estimated    42.19 MiB |    3.79 MiB |   45.98 MiB |
---------------------------------
Fri May  2 23:55:01 UTC 2025: Network usage for interface eth0

 eth0  /  daily

          day        rx      |     tx      |    total    |   avg. rate
     ------------------------+-------------+-------------+---------------
     2025-04-03    37.91 MiB |    3.57 MiB |   41.47 MiB |    4.03 kbit/s
     2025-04-04    43.55 MiB |    3.98 MiB |   47.53 MiB |    4.61 kbit/s
     2025-04-05    42.33 MiB |    3.88 MiB |   46.21 MiB |    4.49 kbit/s
     2025-04-06    42.93 MiB |    4.13 MiB |   47.06 MiB |    4.57 kbit/s
     2025-04-07    43.18 MiB |    3.85 MiB |   47.03 MiB |    4.57 kbit/s
     2025-04-08     4.04 GiB |    4.00 GiB |    8.04 GiB |  799.81 kbit/s
     2025-04-09    43.31 MiB |    3.93 MiB |   47.25 MiB |    4.59 kbit/s
     2025-04-10    43.00 MiB |    3.90 MiB |   46.90 MiB |    4.55 kbit/s
     2025-04-11    43.53 MiB |    3.91 MiB |   47.44 MiB |    4.61 kbit/s
     2025-04-12    25.62 MiB |    2.27 MiB |   27.89 MiB |    2.71 kbit/s
     2025-04-13    31.43 MiB |    2.84 MiB |   34.28 MiB |    3.33 kbit/s
     2025-04-14    42.87 MiB |    4.07 MiB |   46.94 MiB |    4.56 kbit/s
     2025-04-15    43.30 MiB |    3.97 MiB |   47.27 MiB |    4.59 kbit/s
     2025-04-16    43.03 MiB |    3.83 MiB |   46.86 MiB |    4.55 kbit/s
     2025-04-17    42.93 MiB |    3.73 MiB |   46.66 MiB |    4.53 kbit/s
     2025-04-18    43.33 MiB |    3.82 MiB |   47.16 MiB |    4.58 kbit/s
     2025-04-19    43.22 MiB |    3.89 MiB |   47.11 MiB |    4.57 kbit/s
     2025-04-20    42.66 MiB |    3.83 MiB |   46.48 MiB |    4.51 kbit/s
     2025-04-21    44.24 MiB |    3.88 MiB |   48.12 MiB |    4.67 kbit/s
     2025-04-22    42.11 MiB |    3.99 MiB |   46.09 MiB |    4.47 kbit/s
     2025-04-23    38.26 MiB |    3.44 MiB |   41.70 MiB |    4.05 kbit/s
     2025-04-24    41.32 MiB |    4.03 MiB |   45.35 MiB |    4.40 kbit/s
     2025-04-25    43.02 MiB |    3.83 MiB |   46.84 MiB |    4.55 kbit/s
     2025-04-26    40.61 MiB |    3.50 MiB |   44.10 MiB |    4.28 kbit/s
     2025-04-27    43.54 MiB |    3.88 MiB |   47.42 MiB |    4.60 kbit/s
     2025-04-28    42.24 MiB |    3.76 MiB |   46.00 MiB |    4.47 kbit/s
     2025-04-29    43.37 MiB |    4.07 MiB |   47.44 MiB |    4.61 kbit/s
     2025-04-30    43.09 MiB |    3.84 MiB |   46.93 MiB |    4.56 kbit/s
     2025-05-01    42.09 MiB |    3.79 MiB |   45.87 MiB |    4.45 kbit/s
     2025-05-02    42.37 MiB |    3.94 MiB |   46.31 MiB |    4.51 kbit/s
     ------------------------+-------------+-------------+---------------
      estimated    42.43 MiB |    3.87 MiB |   46.31 MiB |
---------------------------------
Sat May  3 23:55:01 UTC 2025: Network usage for interface eth0

 eth0  /  daily

          day        rx      |     tx      |    total    |   avg. rate
     ------------------------+-------------+-------------+---------------
     2025-04-04    43.55 MiB |    3.98 MiB |   47.53 MiB |    4.61 kbit/s
     2025-04-05    42.33 MiB |    3.88 MiB |   46.21 MiB |    4.49 kbit/s
     2025-04-06    42.93 MiB |    4.13 MiB |   47.06 MiB |    4.57 kbit/s
     2025-04-07    43.18 MiB |    3.85 MiB |   47.03 MiB |    4.57 kbit/s
     2025-04-08     4.04 GiB |    4.00 GiB |    8.04 GiB |  799.81 kbit/s
     2025-04-09    43.31 MiB |    3.93 MiB |   47.25 MiB |    4.59 kbit/s
     2025-04-10    43.00 MiB |    3.90 MiB |   46.90 MiB |    4.55 kbit/s
     2025-04-11    43.53 MiB |    3.91 MiB |   47.44 MiB |    4.61 kbit/s
     2025-04-12    25.62 MiB |    2.27 MiB |   27.89 MiB |    2.71 kbit/s
     2025-04-13    31.43 MiB |    2.84 MiB |   34.28 MiB |    3.33 kbit/s
     2025-04-14    42.87 MiB |    4.07 MiB |   46.94 MiB |    4.56 kbit/s
     2025-04-15    43.30 MiB |    3.97 MiB |   47.27 MiB |    4.59 kbit/s
     2025-04-16    43.03 MiB |    3.83 MiB |   46.86 MiB |    4.55 kbit/s
     2025-04-17    42.93 MiB |    3.73 MiB |   46.66 MiB |    4.53 kbit/s
     2025-04-18    43.33 MiB |    3.82 MiB |   47.16 MiB |    4.58 kbit/s
     2025-04-19    43.22 MiB |    3.89 MiB |   47.11 MiB |    4.57 kbit/s
     2025-04-20    42.66 MiB |    3.83 MiB |   46.48 MiB |    4.51 kbit/s
     2025-04-21    44.24 MiB |    3.88 MiB |   48.12 MiB |    4.67 kbit/s
     2025-04-22    42.11 MiB |    3.99 MiB |   46.09 MiB |    4.47 kbit/s
     2025-04-23    38.26 MiB |    3.44 MiB |   41.70 MiB |    4.05 kbit/s
     2025-04-24    41.32 MiB |    4.03 MiB |   45.35 MiB |    4.40 kbit/s
     2025-04-25    43.02 MiB |    3.83 MiB |   46.84 MiB |    4.55 kbit/s
     2025-04-26    40.61 MiB |    3.50 MiB |   44.10 MiB |    4.28 kbit/s
     2025-04-27    43.54 MiB |    3.88 MiB |   47.42 MiB |    4.60 kbit/s
     2025-04-28    42.24 MiB |    3.76 MiB |   46.00 MiB |    4.47 kbit/s
     2025-04-29    43.37 MiB |    4.07 MiB |   47.44 MiB |    4.61 kbit/s
     2025-04-30    43.09 MiB |    3.84 MiB |   46.93 MiB |    4.56 kbit/s
     2025-05-01    42.09 MiB |    3.79 MiB |   45.87 MiB |    4.45 kbit/s
     2025-05-02    42.37 MiB |    3.94 MiB |   46.31 MiB |    4.50 kbit/s
     2025-05-03     5.88 MiB |  855.45 KiB |    6.71 MiB |      654 bit/s
     ------------------------+-------------+-------------+---------------
      estimated     5.85 MiB |     844 KiB |    6.67 MiB |
---------------------------------
Sun May  4 23:55:01 UTC 2025: Network usage for interface eth0

 eth0  /  daily

          day        rx      |     tx      |    total    |   avg. rate
     ------------------------+-------------+-------------+---------------
     2025-04-05    42.33 MiB |    3.88 MiB |   46.21 MiB |    4.49 kbit/s
     2025-04-06    42.93 MiB |    4.13 MiB |   47.06 MiB |    4.57 kbit/s
     2025-04-07    43.18 MiB |    3.85 MiB |   47.03 MiB |    4.57 kbit/s
     2025-04-08     4.04 GiB |    4.00 GiB |    8.04 GiB |  799.81 kbit/s
     2025-04-09    43.31 MiB |    3.93 MiB |   47.25 MiB |    4.59 kbit/s
     2025-04-10    43.00 MiB |    3.90 MiB |   46.90 MiB |    4.55 kbit/s
     2025-04-11    43.53 MiB |    3.91 MiB |   47.44 MiB |    4.61 kbit/s
     2025-04-12    25.62 MiB |    2.27 MiB |   27.89 MiB |    2.71 kbit/s
     2025-04-13    31.43 MiB |    2.84 MiB |   34.28 MiB |    3.33 kbit/s
     2025-04-14    42.87 MiB |    4.07 MiB |   46.94 MiB |    4.56 kbit/s
     2025-04-15    43.30 MiB |    3.97 MiB |   47.27 MiB |    4.59 kbit/s
     2025-04-16    43.03 MiB |    3.83 MiB |   46.86 MiB |    4.55 kbit/s
     2025-04-17    42.93 MiB |    3.73 MiB |   46.66 MiB |    4.53 kbit/s
     2025-04-18    43.33 MiB |    3.82 MiB |   47.16 MiB |    4.58 kbit/s
     2025-04-19    43.22 MiB |    3.89 MiB |   47.11 MiB |    4.57 kbit/s
     2025-04-20    42.66 MiB |    3.83 MiB |   46.48 MiB |    4.51 kbit/s
     2025-04-21    44.24 MiB |    3.88 MiB |   48.12 MiB |    4.67 kbit/s
     2025-04-22    42.11 MiB |    3.99 MiB |   46.09 MiB |    4.47 kbit/s
     2025-04-23    38.26 MiB |    3.44 MiB |   41.70 MiB |    4.05 kbit/s
     2025-04-24    41.32 MiB |    4.03 MiB |   45.35 MiB |    4.40 kbit/s
     2025-04-25    43.02 MiB |    3.83 MiB |   46.84 MiB |    4.55 kbit/s
     2025-04-26    40.61 MiB |    3.50 MiB |   44.10 MiB |    4.28 kbit/s
     2025-04-27    43.54 MiB |    3.88 MiB |   47.42 MiB |    4.60 kbit/s
     2025-04-28    42.24 MiB |    3.76 MiB |   46.00 MiB |    4.47 kbit/s
     2025-04-29    43.37 MiB |    4.07 MiB |   47.44 MiB |    4.61 kbit/s
     2025-04-30    43.09 MiB |    3.84 MiB |   46.93 MiB |    4.56 kbit/s
     2025-05-01    42.09 MiB |    3.79 MiB |   45.87 MiB |    4.45 kbit/s
     2025-05-02    42.37 MiB |    3.94 MiB |   46.31 MiB |    4.50 kbit/s
     2025-05-03     5.88 MiB |  855.45 KiB |    6.71 MiB |      651 bit/s
     2025-05-04    32.12 MiB |    2.91 MiB |   35.03 MiB |    3.41 kbit/s
     ------------------------+-------------+-------------+---------------
      estimated    32.22 MiB |    2.88 MiB |   35.10 MiB |
---------------------------------
Mon May  5 23:55:01 UTC 2025: Network usage for interface eth0

 eth0  /  daily

          day        rx      |     tx      |    total    |   avg. rate
     ------------------------+-------------+-------------+---------------
     2025-04-06    42.93 MiB |    4.13 MiB |   47.06 MiB |    4.57 kbit/s
     2025-04-07    43.18 MiB |    3.85 MiB |   47.03 MiB |    4.57 kbit/s
     2025-04-08     4.04 GiB |    4.00 GiB |    8.04 GiB |  799.81 kbit/s
     2025-04-09    43.31 MiB |    3.93 MiB |   47.25 MiB |    4.59 kbit/s
     2025-04-10    43.00 MiB |    3.90 MiB |   46.90 MiB |    4.55 kbit/s
     2025-04-11    43.53 MiB |    3.91 MiB |   47.44 MiB |    4.61 kbit/s
     2025-04-12    25.62 MiB |    2.27 MiB |   27.89 MiB |    2.71 kbit/s
     2025-04-13    31.43 MiB |    2.84 MiB |   34.28 MiB |    3.33 kbit/s
     2025-04-14    42.87 MiB |    4.07 MiB |   46.94 MiB |    4.56 kbit/s
     2025-04-15    43.30 MiB |    3.97 MiB |   47.27 MiB |    4.59 kbit/s
     2025-04-16    43.03 MiB |    3.83 MiB |   46.86 MiB |    4.55 kbit/s
     2025-04-17    42.93 MiB |    3.73 MiB |   46.66 MiB |    4.53 kbit/s
     2025-04-18    43.33 MiB |    3.82 MiB |   47.16 MiB |    4.58 kbit/s
     2025-04-19    43.22 MiB |    3.89 MiB |   47.11 MiB |    4.57 kbit/s
     2025-04-20    42.66 MiB |    3.83 MiB |   46.48 MiB |    4.51 kbit/s
     2025-04-21    44.24 MiB |    3.88 MiB |   48.12 MiB |    4.67 kbit/s
     2025-04-22    42.11 MiB |    3.99 MiB |   46.09 MiB |    4.47 kbit/s
     2025-04-23    38.26 MiB |    3.44 MiB |   41.70 MiB |    4.05 kbit/s
     2025-04-24    41.32 MiB |    4.03 MiB |   45.35 MiB |    4.40 kbit/s
     2025-04-25    43.02 MiB |    3.83 MiB |   46.84 MiB |    4.55 kbit/s
     2025-04-26    40.61 MiB |    3.50 MiB |   44.10 MiB |    4.28 kbit/s
     2025-04-27    43.54 MiB |    3.88 MiB |   47.42 MiB |    4.60 kbit/s
     2025-04-28    42.24 MiB |    3.76 MiB |   46.00 MiB |    4.47 kbit/s
     2025-04-29    43.37 MiB |    4.07 MiB |   47.44 MiB |    4.61 kbit/s
     2025-04-30    43.09 MiB |    3.84 MiB |   46.93 MiB |    4.56 kbit/s
     2025-05-01    42.09 MiB |    3.79 MiB |   45.87 MiB |    4.45 kbit/s
     2025-05-02    42.37 MiB |    3.94 MiB |   46.31 MiB |    4.50 kbit/s
     2025-05-03     5.88 MiB |  855.45 KiB |    6.71 MiB |      651 bit/s
     2025-05-04    32.12 MiB |    2.91 MiB |   35.03 MiB |    3.40 kbit/s
     2025-05-05    44.75 MiB |    3.84 MiB |   48.59 MiB |    4.73 kbit/s
     ------------------------+-------------+-------------+---------------
      estimated    44.82 MiB |    3.79 MiB |   48.61 MiB |
---------------------------------
Tue May  6 23:55:01 UTC 2025: Network usage for interface eth0

 eth0  /  daily

          day        rx      |     tx      |    total    |   avg. rate
     ------------------------+-------------+-------------+---------------
     2025-04-07    43.18 MiB |    3.85 MiB |   47.03 MiB |    4.57 kbit/s
     2025-04-08     4.04 GiB |    4.00 GiB |    8.04 GiB |  799.81 kbit/s
     2025-04-09    43.31 MiB |    3.93 MiB |   47.25 MiB |    4.59 kbit/s
     2025-04-10    43.00 MiB |    3.90 MiB |   46.90 MiB |    4.55 kbit/s
     2025-04-11    43.53 MiB |    3.91 MiB |   47.44 MiB |    4.61 kbit/s
     2025-04-12    25.62 MiB |    2.27 MiB |   27.89 MiB |    2.71 kbit/s
     2025-04-13    31.43 MiB |    2.84 MiB |   34.28 MiB |    3.33 kbit/s
     2025-04-14    42.87 MiB |    4.07 MiB |   46.94 MiB |    4.56 kbit/s
     2025-04-15    43.30 MiB |    3.97 MiB |   47.27 MiB |    4.59 kbit/s
     2025-04-16    43.03 MiB |    3.83 MiB |   46.86 MiB |    4.55 kbit/s
     2025-04-17    42.93 MiB |    3.73 MiB |   46.66 MiB |    4.53 kbit/s
     2025-04-18    43.33 MiB |    3.82 MiB |   47.16 MiB |    4.58 kbit/s
     2025-04-19    43.22 MiB |    3.89 MiB |   47.11 MiB |    4.57 kbit/s
     2025-04-20    42.66 MiB |    3.83 MiB |   46.48 MiB |    4.51 kbit/s
     2025-04-21    44.24 MiB |    3.88 MiB |   48.12 MiB |    4.67 kbit/s
     2025-04-22    42.11 MiB |    3.99 MiB |   46.09 MiB |    4.47 kbit/s
     2025-04-23    38.26 MiB |    3.44 MiB |   41.70 MiB |    4.05 kbit/s
     2025-04-24    41.32 MiB |    4.03 MiB |   45.35 MiB |    4.40 kbit/s
     2025-04-25    43.02 MiB |    3.83 MiB |   46.84 MiB |    4.55 kbit/s
     2025-04-26    40.61 MiB |    3.50 MiB |   44.10 MiB |    4.28 kbit/s
     2025-04-27    43.54 MiB |    3.88 MiB |   47.42 MiB |    4.60 kbit/s
     2025-04-28    42.24 MiB |    3.76 MiB |   46.00 MiB |    4.47 kbit/s
     2025-04-29    43.37 MiB |    4.07 MiB |   47.44 MiB |    4.61 kbit/s
     2025-04-30    43.09 MiB |    3.84 MiB |   46.93 MiB |    4.56 kbit/s
     2025-05-01    42.09 MiB |    3.79 MiB |   45.87 MiB |    4.45 kbit/s
     2025-05-02    42.37 MiB |    3.94 MiB |   46.31 MiB |    4.50 kbit/s
     2025-05-03     5.88 MiB |  855.45 KiB |    6.71 MiB |      651 bit/s
     2025-05-04    32.12 MiB |    2.91 MiB |   35.03 MiB |    3.40 kbit/s
     2025-05-05    44.75 MiB |    3.84 MiB |   48.59 MiB |    4.72 kbit/s
     2025-05-06    43.03 MiB |    3.95 MiB |   46.98 MiB |    4.58 kbit/s
     ------------------------+-------------+-------------+---------------
      estimated    43.18 MiB |    3.96 MiB |   47.13 MiB |
---------------------------------
Wed May  7 23:55:01 UTC 2025: Network usage for interface eth0

 eth0  /  daily

          day        rx      |     tx      |    total    |   avg. rate
     ------------------------+-------------+-------------+---------------
     2025-04-08     4.04 GiB |    4.00 GiB |    8.04 GiB |  799.81 kbit/s
     2025-04-09    43.31 MiB |    3.93 MiB |   47.25 MiB |    4.59 kbit/s
     2025-04-10    43.00 MiB |    3.90 MiB |   46.90 MiB |    4.55 kbit/s
     2025-04-11    43.53 MiB |    3.91 MiB |   47.44 MiB |    4.61 kbit/s
     2025-04-12    25.62 MiB |    2.27 MiB |   27.89 MiB |    2.71 kbit/s
     2025-04-13    31.43 MiB |    2.84 MiB |   34.28 MiB |    3.33 kbit/s
     2025-04-14    42.87 MiB |    4.07 MiB |   46.94 MiB |    4.56 kbit/s
     2025-04-15    43.30 MiB |    3.97 MiB |   47.27 MiB |    4.59 kbit/s
     2025-04-16    43.03 MiB |    3.83 MiB |   46.86 MiB |    4.55 kbit/s
     2025-04-17    42.93 MiB |    3.73 MiB |   46.66 MiB |    4.53 kbit/s
     2025-04-18    43.33 MiB |    3.82 MiB |   47.16 MiB |    4.58 kbit/s
     2025-04-19    43.22 MiB |    3.89 MiB |   47.11 MiB |    4.57 kbit/s
     2025-04-20    42.66 MiB |    3.83 MiB |   46.48 MiB |    4.51 kbit/s
     2025-04-21    44.24 MiB |    3.88 MiB |   48.12 MiB |    4.67 kbit/s
     2025-04-22    42.11 MiB |    3.99 MiB |   46.09 MiB |    4.47 kbit/s
     2025-04-23    38.26 MiB |    3.44 MiB |   41.70 MiB |    4.05 kbit/s
     2025-04-24    41.32 MiB |    4.03 MiB |   45.35 MiB |    4.40 kbit/s
     2025-04-25    43.02 MiB |    3.83 MiB |   46.84 MiB |    4.55 kbit/s
     2025-04-26    40.61 MiB |    3.50 MiB |   44.10 MiB |    4.28 kbit/s
     2025-04-27    43.54 MiB |    3.88 MiB |   47.42 MiB |    4.60 kbit/s
     2025-04-28    42.24 MiB |    3.76 MiB |   46.00 MiB |    4.47 kbit/s
     2025-04-29    43.37 MiB |    4.07 MiB |   47.44 MiB |    4.61 kbit/s
     2025-04-30    43.09 MiB |    3.84 MiB |   46.93 MiB |    4.56 kbit/s
     2025-05-01    42.09 MiB |    3.79 MiB |   45.87 MiB |    4.45 kbit/s
     2025-05-02    42.37 MiB |    3.94 MiB |   46.31 MiB |    4.50 kbit/s
     2025-05-03     5.88 MiB |  855.45 KiB |    6.71 MiB |      651 bit/s
     2025-05-04    32.12 MiB |    2.91 MiB |   35.03 MiB |    3.40 kbit/s
     2025-05-05    44.75 MiB |    3.84 MiB |   48.59 MiB |    4.72 kbit/s
     2025-05-06    43.03 MiB |    3.95 MiB |   46.98 MiB |    4.56 kbit/s
     2025-05-07    43.72 MiB |    3.94 MiB |   47.67 MiB |    4.64 kbit/s
     ------------------------+-------------+-------------+---------------
      estimated    43.84 MiB |    3.96 MiB |   47.79 MiB |
---------------------------------
Thu May  8 23:55:02 UTC 2025: Network usage for interface eth0

 eth0  /  daily

          day        rx      |     tx      |    total    |   avg. rate
     ------------------------+-------------+-------------+---------------
     2025-04-09    43.31 MiB |    3.93 MiB |   47.25 MiB |    4.59 kbit/s
     2025-04-10    43.00 MiB |    3.90 MiB |   46.90 MiB |    4.55 kbit/s
     2025-04-11    43.53 MiB |    3.91 MiB |   47.44 MiB |    4.61 kbit/s
     2025-04-12    25.62 MiB |    2.27 MiB |   27.89 MiB |    2.71 kbit/s
     2025-04-13    31.43 MiB |    2.84 MiB |   34.28 MiB |    3.33 kbit/s
     2025-04-14    42.87 MiB |    4.07 MiB |   46.94 MiB |    4.56 kbit/s
     2025-04-15    43.30 MiB |    3.97 MiB |   47.27 MiB |    4.59 kbit/s
     2025-04-16    43.03 MiB |    3.83 MiB |   46.86 MiB |    4.55 kbit/s
     2025-04-17    42.93 MiB |    3.73 MiB |   46.66 MiB |    4.53 kbit/s
     2025-04-18    43.33 MiB |    3.82 MiB |   47.16 MiB |    4.58 kbit/s
     2025-04-19    43.22 MiB |    3.89 MiB |   47.11 MiB |    4.57 kbit/s
     2025-04-20    42.66 MiB |    3.83 MiB |   46.48 MiB |    4.51 kbit/s
     2025-04-21    44.24 MiB |    3.88 MiB |   48.12 MiB |    4.67 kbit/s
     2025-04-22    42.11 MiB |    3.99 MiB |   46.09 MiB |    4.47 kbit/s
     2025-04-23    38.26 MiB |    3.44 MiB |   41.70 MiB |    4.05 kbit/s
     2025-04-24    41.32 MiB |    4.03 MiB |   45.35 MiB |    4.40 kbit/s
     2025-04-25    43.02 MiB |    3.83 MiB |   46.84 MiB |    4.55 kbit/s
     2025-04-26    40.61 MiB |    3.50 MiB |   44.10 MiB |    4.28 kbit/s
     2025-04-27    43.54 MiB |    3.88 MiB |   47.42 MiB |    4.60 kbit/s
     2025-04-28    42.24 MiB |    3.76 MiB |   46.00 MiB |    4.47 kbit/s
     2025-04-29    43.37 MiB |    4.07 MiB |   47.44 MiB |    4.61 kbit/s
     2025-04-30    43.09 MiB |    3.84 MiB |   46.93 MiB |    4.56 kbit/s
     2025-05-01    42.09 MiB |    3.79 MiB |   45.87 MiB |    4.45 kbit/s
     2025-05-02    42.37 MiB |    3.94 MiB |   46.31 MiB |    4.50 kbit/s
     2025-05-03     5.88 MiB |  855.45 KiB |    6.71 MiB |      651 bit/s
     2025-05-04    32.12 MiB |    2.91 MiB |   35.03 MiB |    3.40 kbit/s
     2025-05-05    44.75 MiB |    3.84 MiB |   48.59 MiB |    4.72 kbit/s
     2025-05-06    43.03 MiB |    3.95 MiB |   46.98 MiB |    4.56 kbit/s
     2025-05-07    43.72 MiB |    3.94 MiB |   47.67 MiB |    4.63 kbit/s
     2025-05-08    43.47 MiB |    3.95 MiB |   47.41 MiB |    4.62 kbit/s
     ------------------------+-------------+-------------+---------------
      estimated    43.59 MiB |    3.96 MiB |   47.54 MiB |
---------------------------------
